# JRE version: OpenJDK Runtime Environment Temurin-17.0.13+11 (17.0.13+11) (build 17.0.13+11)
# Java VM: OpenJDK 64-Bit Server VM Temurin-17.0.13+11 (17.0.13+11, mixed mode, tiered, compressed oops, compressed class ptrs, parallel gc, windows-amd64)
GC Precious Log:
 CPUs: 8 total, 8 available
 Memory: 7997M
 Large Page Support: Disabled
 NUMA Support: Disabled
 Compressed Oops: Enabled (32-bit)
 Alignments: Space 512K, Generation 512K, Heap 2M
 Heap Min Capacity: 100M
 Heap Initial Capacity: 100M
 Heap Max Capacity: 1G
 Pre-touch: Disabled
 Parallel Workers: 8
Heap:
 PSYoungGen      total 7680K, used 5707K [0x00000000eab00000, 0x00000000eb480000, 0x0000000100000000)
  eden space 7168K, 72% used [0x00000000eab00000,0x00000000eb016968,0x00000000eb200000)
  from space 512K, 97% used [0x00000000eb400000,0x00000000eb47c4a0,0x00000000eb480000)
  to   space 512K, 0% used [0x00000000eb380000,0x00000000eb380000,0x00000000eb400000)
 ParOldGen       total 464896K, used 356241K [0x00000000c0000000, 0x00000000dc600000, 0x00000000eab00000)
  object space 464896K, 76% used [0x00000000c0000000,0x00000000d5be4458,0x00000000dc600000)
 Metaspace       used 96894K, committed 98368K, reserved 1179648K
  class space    used 9927K, committed 10624K, reserved 1048576K
GC Heap History (20 events):
Event: 856.242 GC heap before
{Heap before GC invocations=2191 (full 59):
 PSYoungGen      total 8704K, used 8243K [0x00000000eab00000, 0x00000000eb980000, 0x0000000100000000)
  eden space 4608K, 99% used [0x00000000eab00000,0x00000000eaf7ffb0,0x00000000eaf80000)
  from space 4096K, 88% used [0x00000000eb580000,0x00000000eb90d000,0x00000000eb980000)
  to   space 4608K, 0% used [0x00000000eb080000,0x00000000eb080000,0x00000000eb500000)
 ParOldGen       total 479232K, used 478597K [0x00000000c0000000, 0x00000000dd400000, 0x00000000eab00000)
  object space 479232K, 99% used [0x00000000c0000000,0x00000000dd361460,0x00000000dd400000)
 Metaspace       used 93913K, committed 95360K, reserved 1179648K
  class space    used 9488K, committed 10240K, reserved 1048576K
}
Event: 856.658 GC heap after
{Heap after GC invocations=2191 (full 59):
 PSYoungGen      total 10240K, used 0K [0x00000000eab00000, 0x00000000eb980000, 0x0000000100000000)
  eden space 5632K, 0% used [0x00000000eab00000,0x00000000eab00000,0x00000000eb080000)
  from space 4608K, 0% used [0x00000000eb080000,0x00000000eb080000,0x00000000eb500000)
  to   space 4608K, 0% used [0x00000000eb500000,0x00000000eb500000,0x00000000eb980000)
 ParOldGen       total 464896K, used 355180K [0x00000000c0000000, 0x00000000dc600000, 0x00000000eab00000)
  object space 464896K, 76% used [0x00000000c0000000,0x00000000d5adb218,0x00000000dc600000)
 Metaspace       used 93913K, committed 95360K, reserved 1179648K
  class space    used 9488K, committed 10240K, reserved 1048576K
}
Event: 856.675 GC heap before
{Heap before GC invocations=2192 (full 59):
 PSYoungGen      total 10240K, used 5632K [0x00000000eab00000, 0x00000000eb980000, 0x0000000100000000)
  eden space 5632K, 100% used [0x00000000eab00000,0x00000000eb080000,0x00000000eb080000)
  from space 4608K, 0% used [0x00000000eb080000,0x00000000eb080000,0x00000000eb500000)
  to   space 4608K, 0% used [0x00000000eb500000,0x00000000eb500000,0x00000000eb980000)
 ParOldGen       total 464896K, used 355180K [0x00000000c0000000, 0x00000000dc600000, 0x00000000eab00000)
  object space 464896K, 76% used [0x00000000c0000000,0x00000000d5adb218,0x00000000dc600000)
 Metaspace       used 93915K, committed 95360K, reserved 1179648K
  class space    used 9488K, committed 10240K, reserved 1048576K
}
Event: 856.678 GC heap after
{Heap after GC invocations=2192 (full 59):
 PSYoungGen      total 7680K, used 538K [0x00000000eab00000, 0x00000000eb600000, 0x0000000100000000)
  eden space 6656K, 0% used [0x00000000eab00000,0x00000000eab00000,0x00000000eb180000)
  from space 1024K, 52% used [0x00000000eb500000,0x00000000eb586900,0x00000000eb600000)
  to   space 2048K, 0% used [0x00000000eb200000,0x00000000eb200000,0x00000000eb400000)
 ParOldGen       total 464896K, used 355180K [0x00000000c0000000, 0x00000000dc600000, 0x00000000eab00000)
  object space 464896K, 76% used [0x00000000c0000000,0x00000000d5adb218,0x00000000dc600000)
 Metaspace       used 93915K, committed 95360K, reserved 1179648K
  class space    used 9488K, committed 10240K, reserved 1048576K
}
Event: 899.136 GC heap before
{Heap before GC invocations=2193 (full 59):
 PSYoungGen      total 7680K, used 7194K [0x00000000eab00000, 0x00000000eb600000, 0x0000000100000000)
  eden space 6656K, 99% used [0x00000000eab00000,0x00000000eb17ffd0,0x00000000eb180000)
  from space 1024K, 52% used [0x00000000eb500000,0x00000000eb586900,0x00000000eb600000)
  to   space 2048K, 0% used [0x00000000eb200000,0x00000000eb200000,0x00000000eb400000)
 ParOldGen       total 464896K, used 355180K [0x00000000c0000000, 0x00000000dc600000, 0x00000000eab00000)
  object space 464896K, 76% used [0x00000000c0000000,0x00000000d5adb218,0x00000000dc600000)
 Metaspace       used 93926K, committed 95360K, reserved 1179648K
  class space    used 9488K, committed 10240K, reserved 1048576K
}
Event: 899.139 GC heap after
{Heap after GC invocations=2193 (full 59):
 PSYoungGen      total 9216K, used 708K [0x00000000eab00000, 0x00000000eb580000, 0x0000000100000000)
  eden space 7168K, 0% used [0x00000000eab00000,0x00000000eab00000,0x00000000eb200000)
  from space 2048K, 34% used [0x00000000eb200000,0x00000000eb2b1230,0x00000000eb400000)
  to   space 1024K, 0% used [0x00000000eb480000,0x00000000eb480000,0x00000000eb580000)
 ParOldGen       total 464896K, used 355220K [0x00000000c0000000, 0x00000000dc600000, 0x00000000eab00000)
  object space 464896K, 76% used [0x00000000c0000000,0x00000000d5ae5218,0x00000000dc600000)
 Metaspace       used 93926K, committed 95360K, reserved 1179648K
  class space    used 9488K, committed 10240K, reserved 1048576K
}
Event: 899.531 GC heap before
{Heap before GC invocations=2194 (full 59):
 PSYoungGen      total 9216K, used 7876K [0x00000000eab00000, 0x00000000eb580000, 0x0000000100000000)
  eden space 7168K, 100% used [0x00000000eab00000,0x00000000eb200000,0x00000000eb200000)
  from space 2048K, 34% used [0x00000000eb200000,0x00000000eb2b1230,0x00000000eb400000)
  to   space 1024K, 0% used [0x00000000eb480000,0x00000000eb480000,0x00000000eb580000)
 ParOldGen       total 464896K, used 355220K [0x00000000c0000000, 0x00000000dc600000, 0x00000000eab00000)
  object space 464896K, 76% used [0x00000000c0000000,0x00000000d5ae5218,0x00000000dc600000)
 Metaspace       used 93969K, committed 95424K, reserved 1179648K
  class space    used 9490K, committed 10240K, reserved 1048576K
}
Event: 899.534 GC heap after
{Heap after GC invocations=2194 (full 59):
 PSYoungGen      total 7680K, used 500K [0x00000000eab00000, 0x00000000eb500000, 0x0000000100000000)
  eden space 7168K, 0% used [0x00000000eab00000,0x00000000eab00000,0x00000000eb200000)
  from space 512K, 97% used [0x00000000eb480000,0x00000000eb4fd200,0x00000000eb500000)
  to   space 1024K, 0% used [0x00000000eb300000,0x00000000eb300000,0x00000000eb400000)
 ParOldGen       total 464896K, used 355745K [0x00000000c0000000, 0x00000000dc600000, 0x00000000eab00000)
  object space 464896K, 76% used [0x00000000c0000000,0x00000000d5b68458,0x00000000dc600000)
 Metaspace       used 93969K, committed 95424K, reserved 1179648K
  class space    used 9490K, committed 10240K, reserved 1048576K
}
Event: 899.556 GC heap before
{Heap before GC invocations=2195 (full 59):
 PSYoungGen      total 7680K, used 7668K [0x00000000eab00000, 0x00000000eb500000, 0x0000000100000000)
  eden space 7168K, 100% used [0x00000000eab00000,0x00000000eb200000,0x00000000eb200000)
  from space 512K, 97% used [0x00000000eb480000,0x00000000eb4fd200,0x00000000eb500000)
  to   space 1024K, 0% used [0x00000000eb300000,0x00000000eb300000,0x00000000eb400000)
 ParOldGen       total 464896K, used 355745K [0x00000000c0000000, 0x00000000dc600000, 0x00000000eab00000)
  object space 464896K, 76% used [0x00000000c0000000,0x00000000d5b68458,0x00000000dc600000)
 Metaspace       used 93969K, committed 95424K, reserved 1179648K
  class space    used 9490K, committed 10240K, reserved 1048576K
}
Event: 899.559 GC heap after
{Heap after GC invocations=2195 (full 59):
 PSYoungGen      total 8192K, used 522K [0x00000000eab00000, 0x00000000eb500000, 0x0000000100000000)
  eden space 7168K, 0% used [0x00000000eab00000,0x00000000eab00000,0x00000000eb200000)
  from space 1024K, 51% used [0x00000000eb300000,0x00000000eb382910,0x00000000eb400000)
  to   space 1024K, 0% used [0x00000000eb400000,0x00000000eb400000,0x00000000eb500000)
 ParOldGen       total 464896K, used 356121K [0x00000000c0000000, 0x00000000dc600000, 0x00000000eab00000)
  object space 464896K, 76% used [0x00000000c0000000,0x00000000d5bc6458,0x00000000dc600000)
 Metaspace       used 93969K, committed 95424K, reserved 1179648K
  class space    used 9490K, committed 10240K, reserved 1048576K
}
Event: 906.260 GC heap before
{Heap before GC invocations=2196 (full 59):
 PSYoungGen      total 8192K, used 7690K [0x00000000eab00000, 0x00000000eb500000, 0x0000000100000000)
  eden space 7168K, 100% used [0x00000000eab00000,0x00000000eb200000,0x00000000eb200000)
  from space 1024K, 51% used [0x00000000eb300000,0x00000000eb382910,0x00000000eb400000)
  to   space 1024K, 0% used [0x00000000eb400000,0x00000000eb400000,0x00000000eb500000)
 ParOldGen       total 464896K, used 356121K [0x00000000c0000000, 0x00000000dc600000, 0x00000000eab00000)
  object space 464896K, 76% used [0x00000000c0000000,0x00000000d5bc6458,0x00000000dc600000)
 Metaspace       used 94129K, committed 95616K, reserved 1179648K
  class space    used 9515K, committed 10240K, reserved 1048576K
}
Event: 906.262 GC heap after
{Heap after GC invocations=2196 (full 59):
 PSYoungGen      total 7680K, used 416K [0x00000000eab00000, 0x00000000eb480000, 0x0000000100000000)
  eden space 7168K, 0% used [0x00000000eab00000,0x00000000eab00000,0x00000000eb200000)
  from space 512K, 81% used [0x00000000eb400000,0x00000000eb468020,0x00000000eb480000)
  to   space 512K, 0% used [0x00000000eb380000,0x00000000eb380000,0x00000000eb400000)
 ParOldGen       total 464896K, used 356137K [0x00000000c0000000, 0x00000000dc600000, 0x00000000eab00000)
  object space 464896K, 76% used [0x00000000c0000000,0x00000000d5bca458,0x00000000dc600000)
 Metaspace       used 94129K, committed 95616K, reserved 1179648K
  class space    used 9515K, committed 10240K, reserved 1048576K
}
Event: 906.352 GC heap before
{Heap before GC invocations=2197 (full 59):
 PSYoungGen      total 7680K, used 7584K [0x00000000eab00000, 0x00000000eb480000, 0x0000000100000000)
  eden space 7168K, 100% used [0x00000000eab00000,0x00000000eb200000,0x00000000eb200000)
  from space 512K, 81% used [0x00000000eb400000,0x00000000eb468020,0x00000000eb480000)
  to   space 512K, 0% used [0x00000000eb380000,0x00000000eb380000,0x00000000eb400000)
 ParOldGen       total 464896K, used 356137K [0x00000000c0000000, 0x00000000dc600000, 0x00000000eab00000)
  object space 464896K, 76% used [0x00000000c0000000,0x00000000d5bca458,0x00000000dc600000)
 Metaspace       used 94131K, committed 95616K, reserved 1179648K
  class space    used 9515K, committed 10240K, reserved 1048576K
}
Event: 906.355 GC heap after
{Heap after GC invocations=2197 (full 59):
 PSYoungGen      total 7680K, used 416K [0x00000000eab00000, 0x00000000eb480000, 0x0000000100000000)
  eden space 7168K, 0% used [0x00000000eab00000,0x00000000eab00000,0x00000000eb200000)
  from space 512K, 81% used [0x00000000eb380000,0x00000000eb3e8020,0x00000000eb400000)
  to   space 512K, 0% used [0x00000000eb400000,0x00000000eb400000,0x00000000eb480000)
 ParOldGen       total 464896K, used 356137K [0x00000000c0000000, 0x00000000dc600000, 0x00000000eab00000)
  object space 464896K, 76% used [0x00000000c0000000,0x00000000d5bca458,0x00000000dc600000)
 Metaspace       used 94131K, committed 95616K, reserved 1179648K
  class space    used 9515K, committed 10240K, reserved 1048576K
}
Event: 906.962 GC heap before
{Heap before GC invocations=2198 (full 59):
 PSYoungGen      total 7680K, used 7584K [0x00000000eab00000, 0x00000000eb480000, 0x0000000100000000)
  eden space 7168K, 100% used [0x00000000eab00000,0x00000000eb200000,0x00000000eb200000)
  from space 512K, 81% used [0x00000000eb380000,0x00000000eb3e8020,0x00000000eb400000)
  to   space 512K, 0% used [0x00000000eb400000,0x00000000eb400000,0x00000000eb480000)
 ParOldGen       total 464896K, used 356137K [0x00000000c0000000, 0x00000000dc600000, 0x00000000eab00000)
  object space 464896K, 76% used [0x00000000c0000000,0x00000000d5bca458,0x00000000dc600000)
 Metaspace       used 94858K, committed 96256K, reserved 1179648K
  class space    used 9592K, committed 10240K, reserved 1048576K
}
Event: 906.964 GC heap after
{Heap after GC invocations=2198 (full 59):
 PSYoungGen      total 7680K, used 465K [0x00000000eab00000, 0x00000000eb480000, 0x0000000100000000)
  eden space 7168K, 0% used [0x00000000eab00000,0x00000000eab00000,0x00000000eb200000)
  from space 512K, 90% used [0x00000000eb400000,0x00000000eb474480,0x00000000eb480000)
  to   space 512K, 0% used [0x00000000eb380000,0x00000000eb380000,0x00000000eb400000)
 ParOldGen       total 464896K, used 356137K [0x00000000c0000000, 0x00000000dc600000, 0x00000000eab00000)
  object space 464896K, 76% used [0x00000000c0000000,0x00000000d5bca458,0x00000000dc600000)
 Metaspace       used 94858K, committed 96256K, reserved 1179648K
  class space    used 9592K, committed 10240K, reserved 1048576K
}
Event: 907.099 GC heap before
{Heap before GC invocations=2199 (full 59):
 PSYoungGen      total 7680K, used 7633K [0x00000000eab00000, 0x00000000eb480000, 0x0000000100000000)
  eden space 7168K, 100% used [0x00000000eab00000,0x00000000eb200000,0x00000000eb200000)
  from space 512K, 90% used [0x00000000eb400000,0x00000000eb474480,0x00000000eb480000)
  to   space 512K, 0% used [0x00000000eb380000,0x00000000eb380000,0x00000000eb400000)
 ParOldGen       total 464896K, used 356137K [0x00000000c0000000, 0x00000000dc600000, 0x00000000eab00000)
  object space 464896K, 76% used [0x00000000c0000000,0x00000000d5bca458,0x00000000dc600000)
 Metaspace       used 95672K, committed 97088K, reserved 1179648K
  class space    used 9720K, committed 10368K, reserved 1048576K
}
Event: 907.102 GC heap after
{Heap after GC invocations=2199 (full 59):
 PSYoungGen      total 7680K, used 481K [0x00000000eab00000, 0x00000000eb480000, 0x0000000100000000)
  eden space 7168K, 0% used [0x00000000eab00000,0x00000000eab00000,0x00000000eb200000)
  from space 512K, 93% used [0x00000000eb380000,0x00000000eb3f8490,0x00000000eb400000)
  to   space 512K, 0% used [0x00000000eb400000,0x00000000eb400000,0x00000000eb480000)
 ParOldGen       total 464896K, used 356145K [0x00000000c0000000, 0x00000000dc600000, 0x00000000eab00000)
  object space 464896K, 76% used [0x00000000c0000000,0x00000000d5bcc458,0x00000000dc600000)
 Metaspace       used 95672K, committed 97088K, reserved 1179648K
  class space    used 9720K, committed 10368K, reserved 1048576K
}
Event: 907.234 GC heap before
{Heap before GC invocations=2200 (full 59):
 PSYoungGen      total 7680K, used 7649K [0x00000000eab00000, 0x00000000eb480000, 0x0000000100000000)
  eden space 7168K, 100% used [0x00000000eab00000,0x00000000eb200000,0x00000000eb200000)
  from space 512K, 93% used [0x00000000eb380000,0x00000000eb3f8490,0x00000000eb400000)
  to   space 512K, 0% used [0x00000000eb400000,0x00000000eb400000,0x00000000eb480000)
 ParOldGen       total 464896K, used 356145K [0x00000000c0000000, 0x00000000dc600000, 0x00000000eab00000)
  object space 464896K, 76% used [0x00000000c0000000,0x00000000d5bcc458,0x00000000dc600000)
 Metaspace       used 96270K, committed 97728K, reserved 1179648K
  class space    used 9858K, committed 10560K, reserved 1048576K
}
Event: 907.237 GC heap after
{Heap after GC invocations=2200 (full 59):
 PSYoungGen      total 7680K, used 497K [0x00000000eab00000, 0x00000000eb480000, 0x0000000100000000)
  eden space 7168K, 0% used [0x00000000eab00000,0x00000000eab00000,0x00000000eb200000)
  from space 512K, 97% used [0x00000000eb400000,0x00000000eb47c4a0,0x00000000eb480000)
  to   space 512K, 0% used [0x00000000eb380000,0x00000000eb380000,0x00000000eb400000)
 ParOldGen       total 464896K, used 356241K [0x00000000c0000000, 0x00000000dc600000, 0x00000000eab00000)
  object space 464896K, 76% used [0x00000000c0000000,0x00000000d5be4458,0x00000000dc600000)
 Metaspace       used 96270K, committed 97728K, reserved 1179648K
  class space    used 9858K, committed 10560K, reserved 1048576K
}

