# JRE version: OpenJDK Runtime Environment Temurin-17.0.13+11 (17.0.13+11) (build 17.0.13+11)
# Java VM: OpenJDK 64-Bit Server VM Temurin-17.0.13+11 (17.0.13+11, mixed mode, tiered, compressed oops, compressed class ptrs, parallel gc, windows-amd64)
GC Precious Log:
 CPUs: 8 total, 8 available
 Memory: 7997M
 Large Page Support: Disabled
 NUMA Support: Disabled
 Compressed Oops: Enabled (32-bit)
 Alignments: Space 512K, Generation 512K, Heap 2M
 Heap Min Capacity: 100M
 Heap Initial Capacity: 100M
 Heap Max Capacity: 1G
 Pre-touch: Disabled
 Parallel Workers: 8
Heap:
 PSYoungGen      total 13312K, used 9014K [0x00000000eab00000, 0x00000000ebc00000, 0x0000000100000000)
  eden space 8192K, 100% used [0x00000000eab00000,0x00000000eb300000,0x00000000eb300000)
  from space 5120K, 16% used [0x00000000eb300000,0x00000000eb3cdb60,0x00000000eb800000)
  to   space 4096K, 0% used [0x00000000eb800000,0x00000000eb800000,0x00000000ebc00000)
 ParOldGen       total 230400K, used 230311K [0x00000000c0000000, 0x00000000ce100000, 0x00000000eab00000)
  object space 230400K, 99% used [0x00000000c0000000,0x00000000ce0e9fe0,0x00000000ce100000)
 Metaspace       used 68674K, committed 70016K, reserved 1114112K
  class space    used 7258K, committed 7872K, reserved 1048576K
GC Heap History (20 events):
Event: 38.382 GC heap before
{Heap before GC invocations=193 (full 10):
 PSYoungGen      total 11776K, used 11746K [0x00000000eab00000, 0x00000000ebd80000, 0x0000000100000000)
  eden space 7168K, 100% used [0x00000000eab00000,0x00000000eb200000,0x00000000eb200000)
  from space 4608K, 99% used [0x00000000eb700000,0x00000000ebb788c8,0x00000000ebb80000)
  to   space 5120K, 0% used [0x00000000eb200000,0x00000000eb200000,0x00000000eb700000)
 ParOldGen       total 229888K, used 217880K [0x00000000c0000000, 0x00000000ce080000, 0x00000000eab00000)
  object space 229888K, 94% used [0x00000000c0000000,0x00000000cd4c61d0,0x00000000ce080000)
 Metaspace       used 68674K, committed 70016K, reserved 1114112K
  class space    used 7258K, committed 7872K, reserved 1048576K
}
Event: 38.389 GC heap after
{Heap after GC invocations=193 (full 10):
 PSYoungGen      total 12288K, used 3766K [0x00000000eab00000, 0x00000000ebc00000, 0x0000000100000000)
  eden space 7168K, 0% used [0x00000000eab00000,0x00000000eab00000,0x00000000eb200000)
  from space 5120K, 73% used [0x00000000eb200000,0x00000000eb5ada18,0x00000000eb700000)
  to   space 4608K, 0% used [0x00000000eb780000,0x00000000eb780000,0x00000000ebc00000)
 ParOldGen       total 229888K, used 220061K [0x00000000c0000000, 0x00000000ce080000, 0x00000000eab00000)
  object space 229888K, 95% used [0x00000000c0000000,0x00000000cd6e7768,0x00000000ce080000)
 Metaspace       used 68674K, committed 70016K, reserved 1114112K
  class space    used 7258K, committed 7872K, reserved 1048576K
}
Event: 38.430 GC heap before
{Heap before GC invocations=194 (full 10):
 PSYoungGen      total 12288K, used 10871K [0x00000000eab00000, 0x00000000ebc00000, 0x0000000100000000)
  eden space 7168K, 99% used [0x00000000eab00000,0x00000000eb1f0490,0x00000000eb200000)
  from space 5120K, 73% used [0x00000000eb200000,0x00000000eb5ada18,0x00000000eb700000)
  to   space 4608K, 0% used [0x00000000eb780000,0x00000000eb780000,0x00000000ebc00000)
 ParOldGen       total 229888K, used 220061K [0x00000000c0000000, 0x00000000ce080000, 0x00000000eab00000)
  object space 229888K, 95% used [0x00000000c0000000,0x00000000cd6e7768,0x00000000ce080000)
 Metaspace       used 68674K, committed 70016K, reserved 1114112K
  class space    used 7258K, committed 7872K, reserved 1048576K
}
Event: 38.437 GC heap after
{Heap after GC invocations=194 (full 10):
 PSYoungGen      total 12288K, used 4604K [0x00000000eab00000, 0x00000000ebd00000, 0x0000000100000000)
  eden space 7680K, 0% used [0x00000000eab00000,0x00000000eab00000,0x00000000eb280000)
  from space 4608K, 99% used [0x00000000eb780000,0x00000000ebbff2f0,0x00000000ebc00000)
  to   space 5120K, 0% used [0x00000000eb280000,0x00000000eb280000,0x00000000eb780000)
 ParOldGen       total 229888K, used 220236K [0x00000000c0000000, 0x00000000ce080000, 0x00000000eab00000)
  object space 229888K, 95% used [0x00000000c0000000,0x00000000cd7132c0,0x00000000ce080000)
 Metaspace       used 68674K, committed 70016K, reserved 1114112K
  class space    used 7258K, committed 7872K, reserved 1048576K
}
Event: 38.476 GC heap before
{Heap before GC invocations=195 (full 10):
 PSYoungGen      total 12288K, used 12272K [0x00000000eab00000, 0x00000000ebd00000, 0x0000000100000000)
  eden space 7680K, 99% used [0x00000000eab00000,0x00000000eb27d0b0,0x00000000eb280000)
  from space 4608K, 99% used [0x00000000eb780000,0x00000000ebbff2f0,0x00000000ebc00000)
  to   space 5120K, 0% used [0x00000000eb280000,0x00000000eb280000,0x00000000eb780000)
 ParOldGen       total 229888K, used 220236K [0x00000000c0000000, 0x00000000ce080000, 0x00000000eab00000)
  object space 229888K, 95% used [0x00000000c0000000,0x00000000cd7132c0,0x00000000ce080000)
 Metaspace       used 68674K, committed 70016K, reserved 1114112K
  class space    used 7258K, committed 7872K, reserved 1048576K
}
Event: 38.479 GC heap after
{Heap after GC invocations=195 (full 10):
 PSYoungGen      total 12800K, used 3683K [0x00000000eab00000, 0x00000000ebb80000, 0x0000000100000000)
  eden space 7680K, 0% used [0x00000000eab00000,0x00000000eab00000,0x00000000eb280000)
  from space 5120K, 71% used [0x00000000eb280000,0x00000000eb618f80,0x00000000eb780000)
  to   space 4096K, 0% used [0x00000000eb780000,0x00000000eb780000,0x00000000ebb80000)
 ParOldGen       total 229888K, used 222506K [0x00000000c0000000, 0x00000000ce080000, 0x00000000eab00000)
  object space 229888K, 96% used [0x00000000c0000000,0x00000000cd94a8c8,0x00000000ce080000)
 Metaspace       used 68674K, committed 70016K, reserved 1114112K
  class space    used 7258K, committed 7872K, reserved 1048576K
}
Event: 38.520 GC heap before
{Heap before GC invocations=196 (full 10):
 PSYoungGen      total 12800K, used 11363K [0x00000000eab00000, 0x00000000ebb80000, 0x0000000100000000)
  eden space 7680K, 100% used [0x00000000eab00000,0x00000000eb280000,0x00000000eb280000)
  from space 5120K, 71% used [0x00000000eb280000,0x00000000eb618f80,0x00000000eb780000)
  to   space 4096K, 0% used [0x00000000eb780000,0x00000000eb780000,0x00000000ebb80000)
 ParOldGen       total 229888K, used 222506K [0x00000000c0000000, 0x00000000ce080000, 0x00000000eab00000)
  object space 229888K, 96% used [0x00000000c0000000,0x00000000cd94a8c8,0x00000000ce080000)
 Metaspace       used 68674K, committed 70016K, reserved 1114112K
  class space    used 7258K, committed 7872K, reserved 1048576K
}
Event: 38.524 GC heap after
{Heap after GC invocations=196 (full 10):
 PSYoungGen      total 11776K, used 4071K [0x00000000eab00000, 0x00000000ebd80000, 0x0000000100000000)
  eden space 7680K, 0% used [0x00000000eab00000,0x00000000eab00000,0x00000000eb280000)
  from space 4096K, 99% used [0x00000000eb780000,0x00000000ebb79c20,0x00000000ebb80000)
  to   space 5120K, 0% used [0x00000000eb280000,0x00000000eb280000,0x00000000eb780000)
 ParOldGen       total 229888K, used 223193K [0x00000000c0000000, 0x00000000ce080000, 0x00000000eab00000)
  object space 229888K, 97% used [0x00000000c0000000,0x00000000cd9f66a8,0x00000000ce080000)
 Metaspace       used 68674K, committed 70016K, reserved 1114112K
  class space    used 7258K, committed 7872K, reserved 1048576K
}
Event: 38.591 GC heap before
{Heap before GC invocations=197 (full 10):
 PSYoungGen      total 11776K, used 11751K [0x00000000eab00000, 0x00000000ebd80000, 0x0000000100000000)
  eden space 7680K, 100% used [0x00000000eab00000,0x00000000eb280000,0x00000000eb280000)
  from space 4096K, 99% used [0x00000000eb780000,0x00000000ebb79c20,0x00000000ebb80000)
  to   space 5120K, 0% used [0x00000000eb280000,0x00000000eb280000,0x00000000eb780000)
 ParOldGen       total 229888K, used 223193K [0x00000000c0000000, 0x00000000ce080000, 0x00000000eab00000)
  object space 229888K, 97% used [0x00000000c0000000,0x00000000cd9f66a8,0x00000000ce080000)
 Metaspace       used 68674K, committed 70016K, reserved 1114112K
  class space    used 7258K, committed 7872K, reserved 1048576K
}
Event: 38.594 GC heap after
{Heap after GC invocations=197 (full 10):
 PSYoungGen      total 12800K, used 3469K [0x00000000eab00000, 0x00000000ebb80000, 0x0000000100000000)
  eden space 7680K, 0% used [0x00000000eab00000,0x00000000eab00000,0x00000000eb280000)
  from space 5120K, 67% used [0x00000000eb280000,0x00000000eb5e3508,0x00000000eb780000)
  to   space 4096K, 0% used [0x00000000eb780000,0x00000000eb780000,0x00000000ebb80000)
 ParOldGen       total 229888K, used 225178K [0x00000000c0000000, 0x00000000ce080000, 0x00000000eab00000)
  object space 229888K, 97% used [0x00000000c0000000,0x00000000cdbe69d0,0x00000000ce080000)
 Metaspace       used 68674K, committed 70016K, reserved 1114112K
  class space    used 7258K, committed 7872K, reserved 1048576K
}
Event: 38.627 GC heap before
{Heap before GC invocations=198 (full 10):
 PSYoungGen      total 12800K, used 11149K [0x00000000eab00000, 0x00000000ebb80000, 0x0000000100000000)
  eden space 7680K, 100% used [0x00000000eab00000,0x00000000eb280000,0x00000000eb280000)
  from space 5120K, 67% used [0x00000000eb280000,0x00000000eb5e3508,0x00000000eb780000)
  to   space 4096K, 0% used [0x00000000eb780000,0x00000000eb780000,0x00000000ebb80000)
 ParOldGen       total 229888K, used 225178K [0x00000000c0000000, 0x00000000ce080000, 0x00000000eab00000)
  object space 229888K, 97% used [0x00000000c0000000,0x00000000cdbe69d0,0x00000000ce080000)
 Metaspace       used 68674K, committed 70016K, reserved 1114112K
  class space    used 7258K, committed 7872K, reserved 1048576K
}
Event: 38.634 GC heap after
{Heap after GC invocations=198 (full 10):
 PSYoungGen      total 11776K, used 4089K [0x00000000eab00000, 0x00000000ebd80000, 0x0000000100000000)
  eden space 7680K, 0% used [0x00000000eab00000,0x00000000eab00000,0x00000000eb280000)
  from space 4096K, 99% used [0x00000000eb780000,0x00000000ebb7e530,0x00000000ebb80000)
  to   space 5120K, 0% used [0x00000000eb280000,0x00000000eb280000,0x00000000eb780000)
 ParOldGen       total 229888K, used 225956K [0x00000000c0000000, 0x00000000ce080000, 0x00000000eab00000)
  object space 229888K, 98% used [0x00000000c0000000,0x00000000cdca9258,0x00000000ce080000)
 Metaspace       used 68674K, committed 70016K, reserved 1114112K
  class space    used 7258K, committed 7872K, reserved 1048576K
}
Event: 38.666 GC heap before
{Heap before GC invocations=199 (full 10):
 PSYoungGen      total 11776K, used 11769K [0x00000000eab00000, 0x00000000ebd80000, 0x0000000100000000)
  eden space 7680K, 100% used [0x00000000eab00000,0x00000000eb280000,0x00000000eb280000)
  from space 4096K, 99% used [0x00000000eb780000,0x00000000ebb7e530,0x00000000ebb80000)
  to   space 5120K, 0% used [0x00000000eb280000,0x00000000eb280000,0x00000000eb780000)
 ParOldGen       total 229888K, used 225956K [0x00000000c0000000, 0x00000000ce080000, 0x00000000eab00000)
  object space 229888K, 98% used [0x00000000c0000000,0x00000000cdca9258,0x00000000ce080000)
 Metaspace       used 68674K, committed 70016K, reserved 1114112K
  class space    used 7258K, committed 7872K, reserved 1048576K
}
Event: 38.669 GC heap after
{Heap after GC invocations=199 (full 10):
 PSYoungGen      total 12800K, used 3702K [0x00000000eab00000, 0x00000000ebc80000, 0x0000000100000000)
  eden space 7680K, 0% used [0x00000000eab00000,0x00000000eab00000,0x00000000eb280000)
  from space 5120K, 72% used [0x00000000eb280000,0x00000000eb61dab0,0x00000000eb780000)
  to   space 4608K, 0% used [0x00000000eb800000,0x00000000eb800000,0x00000000ebc80000)
 ParOldGen       total 229888K, used 227660K [0x00000000c0000000, 0x00000000ce080000, 0x00000000eab00000)
  object space 229888K, 99% used [0x00000000c0000000,0x00000000cde53260,0x00000000ce080000)
 Metaspace       used 68674K, committed 70016K, reserved 1114112K
  class space    used 7258K, committed 7872K, reserved 1048576K
}
Event: 38.699 GC heap before
{Heap before GC invocations=200 (full 10):
 PSYoungGen      total 12800K, used 11382K [0x00000000eab00000, 0x00000000ebc80000, 0x0000000100000000)
  eden space 7680K, 100% used [0x00000000eab00000,0x00000000eb280000,0x00000000eb280000)
  from space 5120K, 72% used [0x00000000eb280000,0x00000000eb61dab0,0x00000000eb780000)
  to   space 4608K, 0% used [0x00000000eb800000,0x00000000eb800000,0x00000000ebc80000)
 ParOldGen       total 229888K, used 227660K [0x00000000c0000000, 0x00000000ce080000, 0x00000000eab00000)
  object space 229888K, 99% used [0x00000000c0000000,0x00000000cde53260,0x00000000ce080000)
 Metaspace       used 68674K, committed 70016K, reserved 1114112K
  class space    used 7258K, committed 7872K, reserved 1048576K
}
Event: 38.703 GC heap after
{Heap after GC invocations=200 (full 10):
 PSYoungGen      total 12800K, used 4594K [0x00000000eab00000, 0x00000000ebd80000, 0x0000000100000000)
  eden space 8192K, 0% used [0x00000000eab00000,0x00000000eab00000,0x00000000eb300000)
  from space 4608K, 99% used [0x00000000eb800000,0x00000000ebc7c9a0,0x00000000ebc80000)
  to   space 5120K, 0% used [0x00000000eb300000,0x00000000eb300000,0x00000000eb800000)
 ParOldGen       total 229888K, used 227959K [0x00000000c0000000, 0x00000000ce080000, 0x00000000eab00000)
  object space 229888K, 99% used [0x00000000c0000000,0x00000000cde9dca8,0x00000000ce080000)
 Metaspace       used 68674K, committed 70016K, reserved 1114112K
  class space    used 7258K, committed 7872K, reserved 1048576K
}
Event: 38.741 GC heap before
{Heap before GC invocations=201 (full 10):
 PSYoungGen      total 12800K, used 12786K [0x00000000eab00000, 0x00000000ebd80000, 0x0000000100000000)
  eden space 8192K, 100% used [0x00000000eab00000,0x00000000eb300000,0x00000000eb300000)
  from space 4608K, 99% used [0x00000000eb800000,0x00000000ebc7c9a0,0x00000000ebc80000)
  to   space 5120K, 0% used [0x00000000eb300000,0x00000000eb300000,0x00000000eb800000)
 ParOldGen       total 229888K, used 227959K [0x00000000c0000000, 0x00000000ce080000, 0x00000000eab00000)
  object space 229888K, 99% used [0x00000000c0000000,0x00000000cde9dca8,0x00000000ce080000)
 Metaspace       used 68674K, committed 70016K, reserved 1114112K
  class space    used 7258K, committed 7872K, reserved 1048576K
}
Event: 38.750 GC heap after
{Heap after GC invocations=201 (full 10):
 PSYoungGen      total 13312K, used 3520K [0x00000000eab00000, 0x00000000ebc00000, 0x0000000100000000)
  eden space 8192K, 0% used [0x00000000eab00000,0x00000000eab00000,0x00000000eb300000)
  from space 5120K, 68% used [0x00000000eb300000,0x00000000eb670260,0x00000000eb800000)
  to   space 4096K, 0% used [0x00000000eb800000,0x00000000eb800000,0x00000000ebc00000)
 ParOldGen       total 230400K, used 230277K [0x00000000c0000000, 0x00000000ce100000, 0x00000000eab00000)
  object space 230400K, 99% used [0x00000000c0000000,0x00000000ce0e1758,0x00000000ce100000)
 Metaspace       used 68674K, committed 70016K, reserved 1114112K
  class space    used 7258K, committed 7872K, reserved 1048576K
}
Event: 38.788 GC heap before
{Heap before GC invocations=202 (full 11):
 PSYoungGen      total 13312K, used 11707K [0x00000000eab00000, 0x00000000ebc00000, 0x0000000100000000)
  eden space 8192K, 99% used [0x00000000eab00000,0x00000000eb2feb18,0x00000000eb300000)
  from space 5120K, 68% used [0x00000000eb300000,0x00000000eb670260,0x00000000eb800000)
  to   space 4096K, 0% used [0x00000000eb800000,0x00000000eb800000,0x00000000ebc00000)
 ParOldGen       total 230400K, used 230277K [0x00000000c0000000, 0x00000000ce100000, 0x00000000eab00000)
  object space 230400K, 99% used [0x00000000c0000000,0x00000000ce0e1758,0x00000000ce100000)
 Metaspace       used 68674K, committed 70016K, reserved 1114112K
  class space    used 7258K, committed 7872K, reserved 1048576K
}
Event: 43.263 GC heap after
{Heap after GC invocations=202 (full 11):
 PSYoungGen      total 13312K, used 822K [0x00000000eab00000, 0x00000000ebc00000, 0x0000000100000000)
  eden space 8192K, 0% used [0x00000000eab00000,0x00000000eab00000,0x00000000eb300000)
  from space 5120K, 16% used [0x00000000eb300000,0x00000000eb3cdb60,0x00000000eb800000)
  to   space 4096K, 0% used [0x00000000eb800000,0x00000000eb800000,0x00000000ebc00000)
 ParOldGen       total 230400K, used 230311K [0x00000000c0000000, 0x00000000ce100000, 0x00000000eab00000)
  object space 230400K, 99% used [0x00000000c0000000,0x00000000ce0e9fe0,0x00000000ce100000)
 Metaspace       used 68674K, committed 70016K, reserved 1114112K
  class space    used 7258K, committed 7872K, reserved 1048576K
}

