# JRE version: OpenJDK Runtime Environment Temurin-17.0.13+11 (17.0.13+11) (build 17.0.13+11)
# Java VM: OpenJDK 64-Bit Server VM Temurin-17.0.13+11 (17.0.13+11, mixed mode, tiered, compressed oops, compressed class ptrs, parallel gc, windows-amd64)
GC Precious Log:
 CPUs: 8 total, 8 available
 Memory: 7997M
 Large Page Support: Disabled
 NUMA Support: Disabled
 Compressed Oops: Enabled (32-bit)
 Alignments: Space 512K, Generation 512K, Heap 2M
 Heap Min Capacity: 100M
 Heap Initial Capacity: 100M
 Heap Max Capacity: 1G
 Pre-touch: Disabled
 Parallel Workers: 8
Heap:
 PSYoungGen      total 8192K, used 4768K [0x00000000eab00000, 0x00000000ebd00000, 0x0000000100000000)
  eden space 4096K, 17% used [0x00000000eab00000,0x00000000eabaefa8,0x00000000eaf00000)
  from space 4096K, 99% used [0x00000000eb500000,0x00000000eb8f9440,0x00000000eb900000)
  to   space 6144K, 0% used [0x00000000eaf00000,0x00000000eaf00000,0x00000000eb500000)
 ParOldGen       total 251904K, used 230906K [0x00000000c0000000, 0x00000000cf600000, 0x00000000eab00000)
  object space 251904K, 91% used [0x00000000c0000000,0x00000000ce17e888,0x00000000cf600000)
 Metaspace       used 80794K, committed 82240K, reserved 1179648K
  class space    used 8611K, committed 9280K, reserved 1048576K
GC Heap History (20 events):
Event: 69.602 GC heap before
{Heap before GC invocations=673 (full 17):
 PSYoungGen      total 11776K, used 11556K [0x00000000eab00000, 0x00000000ebd00000, 0x0000000100000000)
  eden space 6144K, 100% used [0x00000000eab00000,0x00000000eb100000,0x00000000eb100000)
  from space 5632K, 96% used [0x00000000eb780000,0x00000000ebcc9388,0x00000000ebd00000)
  to   space 5632K, 0% used [0x00000000eb200000,0x00000000eb200000,0x00000000eb780000)
 ParOldGen       total 251904K, used 218125K [0x00000000c0000000, 0x00000000cf600000, 0x00000000eab00000)
  object space 251904K, 86% used [0x00000000c0000000,0x00000000cd503730,0x00000000cf600000)
 Metaspace       used 77320K, committed 78656K, reserved 1179648K
  class space    used 8119K, committed 8704K, reserved 1048576K
}
Event: 69.610 GC heap after
{Heap after GC invocations=673 (full 17):
 PSYoungGen      total 11776K, used 5223K [0x00000000eab00000, 0x00000000ebc00000, 0x0000000100000000)
  eden space 6144K, 0% used [0x00000000eab00000,0x00000000eab00000,0x00000000eb100000)
  from space 5632K, 92% used [0x00000000eb200000,0x00000000eb719c78,0x00000000eb780000)
  to   space 4608K, 0% used [0x00000000eb780000,0x00000000eb780000,0x00000000ebc00000)
 ParOldGen       total 251904K, used 223429K [0x00000000c0000000, 0x00000000cf600000, 0x00000000eab00000)
  object space 251904K, 88% used [0x00000000c0000000,0x00000000cda317d8,0x00000000cf600000)
 Metaspace       used 77320K, committed 78656K, reserved 1179648K
  class space    used 8119K, committed 8704K, reserved 1048576K
}
Event: 1141.816 GC heap before
{Heap before GC invocations=674 (full 17):
 PSYoungGen      total 11776K, used 11367K [0x00000000eab00000, 0x00000000ebc00000, 0x0000000100000000)
  eden space 6144K, 100% used [0x00000000eab00000,0x00000000eb100000,0x00000000eb100000)
  from space 5632K, 92% used [0x00000000eb200000,0x00000000eb719c78,0x00000000eb780000)
  to   space 4608K, 0% used [0x00000000eb780000,0x00000000eb780000,0x00000000ebc00000)
 ParOldGen       total 251904K, used 223429K [0x00000000c0000000, 0x00000000cf600000, 0x00000000eab00000)
  object space 251904K, 88% used [0x00000000c0000000,0x00000000cda317d8,0x00000000cf600000)
 Metaspace       used 77751K, committed 79168K, reserved 1179648K
  class space    used 8181K, committed 8832K, reserved 1048576K
}
Event: 1141.825 GC heap after
{Heap after GC invocations=674 (full 17):
 PSYoungGen      total 8192K, used 1664K [0x00000000eab00000, 0x00000000eb980000, 0x0000000100000000)
  eden space 6144K, 0% used [0x00000000eab00000,0x00000000eab00000,0x00000000eb100000)
  from space 2048K, 81% used [0x00000000eb780000,0x00000000eb920000,0x00000000eb980000)
  to   space 3072K, 0% used [0x00000000eb380000,0x00000000eb380000,0x00000000eb680000)
 ParOldGen       total 251904K, used 225253K [0x00000000c0000000, 0x00000000cf600000, 0x00000000eab00000)
  object space 251904K, 89% used [0x00000000c0000000,0x00000000cdbf97e8,0x00000000cf600000)
 Metaspace       used 77751K, committed 79168K, reserved 1179648K
  class space    used 8181K, committed 8832K, reserved 1048576K
}
Event: 1142.222 GC heap before
{Heap before GC invocations=675 (full 17):
 PSYoungGen      total 8192K, used 7757K [0x00000000eab00000, 0x00000000eb980000, 0x0000000100000000)
  eden space 6144K, 99% used [0x00000000eab00000,0x00000000eb0f3610,0x00000000eb100000)
  from space 2048K, 81% used [0x00000000eb780000,0x00000000eb920000,0x00000000eb980000)
  to   space 3072K, 0% used [0x00000000eb380000,0x00000000eb380000,0x00000000eb680000)
 ParOldGen       total 251904K, used 225253K [0x00000000c0000000, 0x00000000cf600000, 0x00000000eab00000)
  object space 251904K, 89% used [0x00000000c0000000,0x00000000cdbf97e8,0x00000000cf600000)
 Metaspace       used 77885K, committed 79296K, reserved 1179648K
  class space    used 8205K, committed 8832K, reserved 1048576K
}
Event: 1142.228 GC heap after
{Heap after GC invocations=675 (full 17):
 PSYoungGen      total 8192K, used 1920K [0x00000000eab00000, 0x00000000eb800000, 0x0000000100000000)
  eden space 6144K, 0% used [0x00000000eab00000,0x00000000eab00000,0x00000000eb100000)
  from space 2048K, 93% used [0x00000000eb380000,0x00000000eb560020,0x00000000eb580000)
  to   space 2560K, 0% used [0x00000000eb580000,0x00000000eb580000,0x00000000eb800000)
 ParOldGen       total 251904K, used 225253K [0x00000000c0000000, 0x00000000cf600000, 0x00000000eab00000)
  object space 251904K, 89% used [0x00000000c0000000,0x00000000cdbf97e8,0x00000000cf600000)
 Metaspace       used 77885K, committed 79296K, reserved 1179648K
  class space    used 8205K, committed 8832K, reserved 1048576K
}
Event: 1142.660 GC heap before
{Heap before GC invocations=676 (full 17):
 PSYoungGen      total 8192K, used 8064K [0x00000000eab00000, 0x00000000eb800000, 0x0000000100000000)
  eden space 6144K, 100% used [0x00000000eab00000,0x00000000eb100000,0x00000000eb100000)
  from space 2048K, 93% used [0x00000000eb380000,0x00000000eb560020,0x00000000eb580000)
  to   space 2560K, 0% used [0x00000000eb580000,0x00000000eb580000,0x00000000eb800000)
 ParOldGen       total 251904K, used 225253K [0x00000000c0000000, 0x00000000cf600000, 0x00000000eab00000)
  object space 251904K, 89% used [0x00000000c0000000,0x00000000cdbf97e8,0x00000000cf600000)
 Metaspace       used 77897K, committed 79296K, reserved 1179648K
  class space    used 8206K, committed 8832K, reserved 1048576K
}
Event: 1142.663 GC heap after
{Heap after GC invocations=676 (full 17):
 PSYoungGen      total 8192K, used 1904K [0x00000000eab00000, 0x00000000eb780000, 0x0000000100000000)
  eden space 6144K, 0% used [0x00000000eab00000,0x00000000eab00000,0x00000000eb100000)
  from space 2048K, 92% used [0x00000000eb580000,0x00000000eb75c030,0x00000000eb780000)
  to   space 2048K, 0% used [0x00000000eb380000,0x00000000eb380000,0x00000000eb580000)
 ParOldGen       total 251904K, used 225253K [0x00000000c0000000, 0x00000000cf600000, 0x00000000eab00000)
  object space 251904K, 89% used [0x00000000c0000000,0x00000000cdbf97e8,0x00000000cf600000)
 Metaspace       used 77897K, committed 79296K, reserved 1179648K
  class space    used 8206K, committed 8832K, reserved 1048576K
}
Event: 1142.901 GC heap before
{Heap before GC invocations=677 (full 17):
 PSYoungGen      total 8192K, used 8045K [0x00000000eab00000, 0x00000000eb780000, 0x0000000100000000)
  eden space 6144K, 99% used [0x00000000eab00000,0x00000000eb0ff6e8,0x00000000eb100000)
  from space 2048K, 92% used [0x00000000eb580000,0x00000000eb75c030,0x00000000eb780000)
  to   space 2048K, 0% used [0x00000000eb380000,0x00000000eb380000,0x00000000eb580000)
 ParOldGen       total 251904K, used 225253K [0x00000000c0000000, 0x00000000cf600000, 0x00000000eab00000)
  object space 251904K, 89% used [0x00000000c0000000,0x00000000cdbf97e8,0x00000000cf600000)
 Metaspace       used 78753K, committed 80256K, reserved 1179648K
  class space    used 8284K, committed 8960K, reserved 1048576K
}
Event: 1142.906 GC heap after
{Heap after GC invocations=677 (full 17):
 PSYoungGen      total 8192K, used 1905K [0x00000000eab00000, 0x00000000eb600000, 0x0000000100000000)
  eden space 6144K, 0% used [0x00000000eab00000,0x00000000eab00000,0x00000000eb100000)
  from space 2048K, 93% used [0x00000000eb380000,0x00000000eb55c480,0x00000000eb580000)
  to   space 512K, 0% used [0x00000000eb580000,0x00000000eb580000,0x00000000eb600000)
 ParOldGen       total 251904K, used 225261K [0x00000000c0000000, 0x00000000cf600000, 0x00000000eab00000)
  object space 251904K, 89% used [0x00000000c0000000,0x00000000cdbfb7e8,0x00000000cf600000)
 Metaspace       used 78753K, committed 80256K, reserved 1179648K
  class space    used 8284K, committed 8960K, reserved 1048576K
}
Event: 1143.050 GC heap before
{Heap before GC invocations=678 (full 17):
 PSYoungGen      total 8192K, used 8049K [0x00000000eab00000, 0x00000000eb600000, 0x0000000100000000)
  eden space 6144K, 100% used [0x00000000eab00000,0x00000000eb100000,0x00000000eb100000)
  from space 2048K, 93% used [0x00000000eb380000,0x00000000eb55c480,0x00000000eb580000)
  to   space 512K, 0% used [0x00000000eb580000,0x00000000eb580000,0x00000000eb600000)
 ParOldGen       total 251904K, used 225261K [0x00000000c0000000, 0x00000000cf600000, 0x00000000eab00000)
  object space 251904K, 89% used [0x00000000c0000000,0x00000000cdbfb7e8,0x00000000cf600000)
 Metaspace       used 79461K, committed 80896K, reserved 1179648K
  class space    used 8383K, committed 9024K, reserved 1048576K
}
Event: 1143.056 GC heap after
{Heap after GC invocations=678 (full 17):
 PSYoungGen      total 6656K, used 497K [0x00000000eab00000, 0x00000000eb600000, 0x0000000100000000)
  eden space 6144K, 0% used [0x00000000eab00000,0x00000000eab00000,0x00000000eb100000)
  from space 512K, 97% used [0x00000000eb580000,0x00000000eb5fc460,0x00000000eb600000)
  to   space 2048K, 0% used [0x00000000eb200000,0x00000000eb200000,0x00000000eb400000)
 ParOldGen       total 251904K, used 226726K [0x00000000c0000000, 0x00000000cf600000, 0x00000000eab00000)
  object space 251904K, 90% used [0x00000000c0000000,0x00000000cdd69848,0x00000000cf600000)
 Metaspace       used 79461K, committed 80896K, reserved 1179648K
  class space    used 8383K, committed 9024K, reserved 1048576K
}
Event: 1143.217 GC heap before
{Heap before GC invocations=679 (full 17):
 PSYoungGen      total 6656K, used 6641K [0x00000000eab00000, 0x00000000eb600000, 0x0000000100000000)
  eden space 6144K, 100% used [0x00000000eab00000,0x00000000eb100000,0x00000000eb100000)
  from space 512K, 97% used [0x00000000eb580000,0x00000000eb5fc460,0x00000000eb600000)
  to   space 2048K, 0% used [0x00000000eb200000,0x00000000eb200000,0x00000000eb400000)
 ParOldGen       total 251904K, used 226726K [0x00000000c0000000, 0x00000000cf600000, 0x00000000eab00000)
  object space 251904K, 90% used [0x00000000c0000000,0x00000000cdd69848,0x00000000cf600000)
 Metaspace       used 79975K, committed 81408K, reserved 1179648K
  class space    used 8502K, committed 9152K, reserved 1048576K
}
Event: 1143.222 GC heap after
{Heap after GC invocations=679 (full 17):
 PSYoungGen      total 8192K, used 401K [0x00000000eab00000, 0x00000000eb600000, 0x0000000100000000)
  eden space 6144K, 0% used [0x00000000eab00000,0x00000000eab00000,0x00000000eb100000)
  from space 2048K, 19% used [0x00000000eb200000,0x00000000eb264460,0x00000000eb400000)
  to   space 1024K, 0% used [0x00000000eb500000,0x00000000eb500000,0x00000000eb600000)
 ParOldGen       total 251904K, used 227086K [0x00000000c0000000, 0x00000000cf600000, 0x00000000eab00000)
  object space 251904K, 90% used [0x00000000c0000000,0x00000000cddc3848,0x00000000cf600000)
 Metaspace       used 79975K, committed 81408K, reserved 1179648K
  class space    used 8502K, committed 9152K, reserved 1048576K
}
Event: 1145.465 GC heap before
{Heap before GC invocations=680 (full 17):
 PSYoungGen      total 8192K, used 6545K [0x00000000eab00000, 0x00000000eb600000, 0x0000000100000000)
  eden space 6144K, 100% used [0x00000000eab00000,0x00000000eb100000,0x00000000eb100000)
  from space 2048K, 19% used [0x00000000eb200000,0x00000000eb264460,0x00000000eb400000)
  to   space 1024K, 0% used [0x00000000eb500000,0x00000000eb500000,0x00000000eb600000)
 ParOldGen       total 251904K, used 227086K [0x00000000c0000000, 0x00000000cf600000, 0x00000000eab00000)
  object space 251904K, 90% used [0x00000000c0000000,0x00000000cddc3848,0x00000000cf600000)
 Metaspace       used 80670K, committed 82112K, reserved 1179648K
  class space    used 8600K, committed 9216K, reserved 1048576K
}
Event: 1145.468 GC heap after
{Heap after GC invocations=680 (full 17):
 PSYoungGen      total 7168K, used 561K [0x00000000eab00000, 0x00000000eb600000, 0x0000000100000000)
  eden space 6144K, 0% used [0x00000000eab00000,0x00000000eab00000,0x00000000eb100000)
  from space 1024K, 54% used [0x00000000eb500000,0x00000000eb58c460,0x00000000eb600000)
  to   space 1024K, 0% used [0x00000000eb400000,0x00000000eb400000,0x00000000eb500000)
 ParOldGen       total 251904K, used 227086K [0x00000000c0000000, 0x00000000cf600000, 0x00000000eab00000)
  object space 251904K, 90% used [0x00000000c0000000,0x00000000cddc3848,0x00000000cf600000)
 Metaspace       used 80670K, committed 82112K, reserved 1179648K
  class space    used 8600K, committed 9216K, reserved 1048576K
}
Event: 1147.882 GC heap before
{Heap before GC invocations=681 (full 17):
 PSYoungGen      total 7168K, used 6698K [0x00000000eab00000, 0x00000000eb600000, 0x0000000100000000)
  eden space 6144K, 99% used [0x00000000eab00000,0x00000000eb0fe3e0,0x00000000eb100000)
  from space 1024K, 54% used [0x00000000eb500000,0x00000000eb58c460,0x00000000eb600000)
  to   space 1024K, 0% used [0x00000000eb400000,0x00000000eb400000,0x00000000eb500000)
 ParOldGen       total 251904K, used 227086K [0x00000000c0000000, 0x00000000cf600000, 0x00000000eab00000)
  object space 251904K, 90% used [0x00000000c0000000,0x00000000cddc3848,0x00000000cf600000)
 Metaspace       used 80782K, committed 82240K, reserved 1179648K
  class space    used 8610K, committed 9280K, reserved 1048576K
}
Event: 1147.886 GC heap after
{Heap after GC invocations=681 (full 17):
 PSYoungGen      total 7168K, used 1016K [0x00000000eab00000, 0x00000000eb900000, 0x0000000100000000)
  eden space 6144K, 0% used [0x00000000eab00000,0x00000000eab00000,0x00000000eb100000)
  from space 1024K, 99% used [0x00000000eb400000,0x00000000eb4fe1c8,0x00000000eb500000)
  to   space 4096K, 0% used [0x00000000eb500000,0x00000000eb500000,0x00000000eb900000)
 ParOldGen       total 251904K, used 229532K [0x00000000c0000000, 0x00000000cf600000, 0x00000000eab00000)
  object space 251904K, 91% used [0x00000000c0000000,0x00000000ce027378,0x00000000cf600000)
 Metaspace       used 80782K, committed 82240K, reserved 1179648K
  class space    used 8610K, committed 9280K, reserved 1048576K
}
Event: 1148.115 GC heap before
{Heap before GC invocations=682 (full 17):
 PSYoungGen      total 7168K, used 7160K [0x00000000eab00000, 0x00000000eb900000, 0x0000000100000000)
  eden space 6144K, 100% used [0x00000000eab00000,0x00000000eb100000,0x00000000eb100000)
  from space 1024K, 99% used [0x00000000eb400000,0x00000000eb4fe1c8,0x00000000eb500000)
  to   space 4096K, 0% used [0x00000000eb500000,0x00000000eb500000,0x00000000eb900000)
 ParOldGen       total 251904K, used 229532K [0x00000000c0000000, 0x00000000cf600000, 0x00000000eab00000)
  object space 251904K, 91% used [0x00000000c0000000,0x00000000ce027378,0x00000000cf600000)
 Metaspace       used 80791K, committed 82240K, reserved 1179648K
  class space    used 8610K, committed 9280K, reserved 1048576K
}
Event: 1148.122 GC heap after
{Heap after GC invocations=682 (full 17):
 PSYoungGen      total 8192K, used 4069K [0x00000000eab00000, 0x00000000ebd00000, 0x0000000100000000)
  eden space 4096K, 0% used [0x00000000eab00000,0x00000000eab00000,0x00000000eaf00000)
  from space 4096K, 99% used [0x00000000eb500000,0x00000000eb8f9440,0x00000000eb900000)
  to   space 6144K, 0% used [0x00000000eaf00000,0x00000000eaf00000,0x00000000eb500000)
 ParOldGen       total 251904K, used 230906K [0x00000000c0000000, 0x00000000cf600000, 0x00000000eab00000)
  object space 251904K, 91% used [0x00000000c0000000,0x00000000ce17e888,0x00000000cf600000)
 Metaspace       used 80791K, committed 82240K, reserved 1179648K
  class space    used 8610K, committed 9280K, reserved 1048576K
}

