# JRE version: OpenJDK Runtime Environment Temurin-17.0.13+11 (17.0.13+11) (build 17.0.13+11)
# Java VM: OpenJDK 64-Bit Server VM Temurin-17.0.13+11 (17.0.13+11, mixed mode, tiered, compressed oops, compressed class ptrs, parallel gc, windows-amd64)
GC Precious Log:
 CPUs: 8 total, 8 available
 Memory: 7997M
 Large Page Support: Disabled
 NUMA Support: Disabled
 Compressed Oops: Enabled (32-bit)
 Alignments: Space 512K, Generation 512K, Heap 2M
 Heap Min Capacity: 100M
 Heap Initial Capacity: 100M
 Heap Max Capacity: 1G
 Pre-touch: Disabled
 Parallel Workers: 8
Heap:
 PSYoungGen      total 22528K, used 22512K [0x00000000eab00000, 0x00000000ec800000, 0x0000000100000000)
  eden space 21504K, 100% used [0x00000000eab00000,0x00000000ec000000,0x00000000ec000000)
  from space 1024K, 98% used [0x00000000ec700000,0x00000000ec7fc030,0x00000000ec800000)
  to   space 1024K, 0% used [0x00000000ec580000,0x00000000ec580000,0x00000000ec680000)
 ParOldGen       total 68608K, used 62701K [0x00000000c0000000, 0x00000000c4300000, 0x00000000eab00000)
  object space 68608K, 91% used [0x00000000c0000000,0x00000000c3d3b748,0x00000000c4300000)
 Metaspace       used 60521K, committed 61696K, reserved 1114112K
  class space    used 6596K, committed 7104K, reserved 1048576K
GC Heap History (20 events):
Event: 13.115 GC heap before
{Heap before GC invocations=18 (full 2):
 PSYoungGen      total 23552K, used 23104K [0x00000000eab00000, 0x00000000ec400000, 0x0000000100000000)
  eden space 22016K, 100% used [0x00000000eab00000,0x00000000ec080000,0x00000000ec080000)
  from space 1536K, 70% used [0x00000000ec180000,0x00000000ec290000,0x00000000ec300000)
  to   space 1024K, 0% used [0x00000000ec300000,0x00000000ec300000,0x00000000ec400000)
 ParOldGen       total 68608K, used 18380K [0x00000000c0000000, 0x00000000c4300000, 0x00000000eab00000)
  object space 68608K, 26% used [0x00000000c0000000,0x00000000c11f32c0,0x00000000c4300000)
 Metaspace       used 47015K, committed 48064K, reserved 1114112K
  class space    used 4929K, committed 5376K, reserved 1048576K
}
Event: 13.122 GC heap after
{Heap after GC invocations=18 (full 2):
 PSYoungGen      total 22528K, used 1008K [0x00000000eab00000, 0x00000000ec680000, 0x0000000100000000)
  eden space 21504K, 0% used [0x00000000eab00000,0x00000000eab00000,0x00000000ec000000)
  from space 1024K, 98% used [0x00000000ec300000,0x00000000ec3fc120,0x00000000ec400000)
  to   space 3072K, 0% used [0x00000000ec000000,0x00000000ec000000,0x00000000ec300000)
 ParOldGen       total 68608K, used 20033K [0x00000000c0000000, 0x00000000c4300000, 0x00000000eab00000)
  object space 68608K, 29% used [0x00000000c0000000,0x00000000c1390618,0x00000000c4300000)
 Metaspace       used 47015K, committed 48064K, reserved 1114112K
  class space    used 4929K, committed 5376K, reserved 1048576K
}
Event: 13.336 GC heap before
{Heap before GC invocations=19 (full 2):
 PSYoungGen      total 22528K, used 22512K [0x00000000eab00000, 0x00000000ec680000, 0x0000000100000000)
  eden space 21504K, 100% used [0x00000000eab00000,0x00000000ec000000,0x00000000ec000000)
  from space 1024K, 98% used [0x00000000ec300000,0x00000000ec3fc120,0x00000000ec400000)
  to   space 3072K, 0% used [0x00000000ec000000,0x00000000ec000000,0x00000000ec300000)
 ParOldGen       total 68608K, used 20033K [0x00000000c0000000, 0x00000000c4300000, 0x00000000eab00000)
  object space 68608K, 29% used [0x00000000c0000000,0x00000000c1390618,0x00000000c4300000)
 Metaspace       used 47303K, committed 48384K, reserved 1114112K
  class space    used 4967K, committed 5376K, reserved 1048576K
}
Event: 13.347 GC heap after
{Heap after GC invocations=19 (full 2):
 PSYoungGen      total 24576K, used 3054K [0x00000000eab00000, 0x00000000ed600000, 0x0000000100000000)
  eden space 21504K, 0% used [0x00000000eab00000,0x00000000eab00000,0x00000000ec000000)
  from space 3072K, 99% used [0x00000000ec000000,0x00000000ec2fb858,0x00000000ec300000)
  to   space 11264K, 0% used [0x00000000ecb00000,0x00000000ecb00000,0x00000000ed600000)
 ParOldGen       total 68608K, used 26929K [0x00000000c0000000, 0x00000000c4300000, 0x00000000eab00000)
  object space 68608K, 39% used [0x00000000c0000000,0x00000000c1a4c400,0x00000000c4300000)
 Metaspace       used 47303K, committed 48384K, reserved 1114112K
  class space    used 4967K, committed 5376K, reserved 1048576K
}
Event: 14.173 GC heap before
{Heap before GC invocations=20 (full 2):
 PSYoungGen      total 24576K, used 24551K [0x00000000eab00000, 0x00000000ed600000, 0x0000000100000000)
  eden space 21504K, 99% used [0x00000000eab00000,0x00000000ebffe420,0x00000000ec000000)
  from space 3072K, 99% used [0x00000000ec000000,0x00000000ec2fb858,0x00000000ec300000)
  to   space 11264K, 0% used [0x00000000ecb00000,0x00000000ecb00000,0x00000000ed600000)
 ParOldGen       total 68608K, used 26929K [0x00000000c0000000, 0x00000000c4300000, 0x00000000eab00000)
  object space 68608K, 39% used [0x00000000c0000000,0x00000000c1a4c400,0x00000000c4300000)
 Metaspace       used 49069K, committed 50112K, reserved 1114112K
  class space    used 5198K, committed 5632K, reserved 1048576K
}
Event: 14.179 GC heap after
{Heap after GC invocations=20 (full 2):
 PSYoungGen      total 24576K, used 3072K [0x00000000eab00000, 0x00000000ece00000, 0x0000000100000000)
  eden space 21504K, 0% used [0x00000000eab00000,0x00000000eab00000,0x00000000ec000000)
  from space 3072K, 100% used [0x00000000ecb00000,0x00000000ece00000,0x00000000ece00000)
  to   space 5632K, 0% used [0x00000000ec300000,0x00000000ec300000,0x00000000ec880000)
 ParOldGen       total 68608K, used 30022K [0x00000000c0000000, 0x00000000c4300000, 0x00000000eab00000)
  object space 68608K, 43% used [0x00000000c0000000,0x00000000c1d51b30,0x00000000c4300000)
 Metaspace       used 49069K, committed 50112K, reserved 1114112K
  class space    used 5198K, committed 5632K, reserved 1048576K
}
Event: 19.388 GC heap before
{Heap before GC invocations=21 (full 2):
 PSYoungGen      total 24576K, used 24576K [0x00000000eab00000, 0x00000000ece00000, 0x0000000100000000)
  eden space 21504K, 100% used [0x00000000eab00000,0x00000000ec000000,0x00000000ec000000)
  from space 3072K, 100% used [0x00000000ecb00000,0x00000000ece00000,0x00000000ece00000)
  to   space 5632K, 0% used [0x00000000ec300000,0x00000000ec300000,0x00000000ec880000)
 ParOldGen       total 68608K, used 30022K [0x00000000c0000000, 0x00000000c4300000, 0x00000000eab00000)
  object space 68608K, 43% used [0x00000000c0000000,0x00000000c1d51b30,0x00000000c4300000)
 Metaspace       used 51834K, committed 52928K, reserved 1114112K
  class space    used 5558K, committed 6080K, reserved 1048576K
}
Event: 19.400 GC heap after
{Heap after GC invocations=21 (full 2):
 PSYoungGen      total 27136K, used 1446K [0x00000000eab00000, 0x00000000ecb80000, 0x0000000100000000)
  eden space 21504K, 0% used [0x00000000eab00000,0x00000000eab00000,0x00000000ec000000)
  from space 5632K, 25% used [0x00000000ec300000,0x00000000ec469a80,0x00000000ec880000)
  to   space 2560K, 0% used [0x00000000ec900000,0x00000000ec900000,0x00000000ecb80000)
 ParOldGen       total 68608K, used 32938K [0x00000000c0000000, 0x00000000c4300000, 0x00000000eab00000)
  object space 68608K, 48% used [0x00000000c0000000,0x00000000c202ab40,0x00000000c4300000)
 Metaspace       used 51834K, committed 52928K, reserved 1114112K
  class space    used 5558K, committed 6080K, reserved 1048576K
}
Event: 20.141 GC heap before
{Heap before GC invocations=22 (full 2):
 PSYoungGen      total 27136K, used 22950K [0x00000000eab00000, 0x00000000ecb80000, 0x0000000100000000)
  eden space 21504K, 100% used [0x00000000eab00000,0x00000000ec000000,0x00000000ec000000)
  from space 5632K, 25% used [0x00000000ec300000,0x00000000ec469a80,0x00000000ec880000)
  to   space 2560K, 0% used [0x00000000ec900000,0x00000000ec900000,0x00000000ecb80000)
 ParOldGen       total 68608K, used 32938K [0x00000000c0000000, 0x00000000c4300000, 0x00000000eab00000)
  object space 68608K, 48% used [0x00000000c0000000,0x00000000c202ab40,0x00000000c4300000)
 Metaspace       used 53993K, committed 55104K, reserved 1114112K
  class space    used 5819K, committed 6272K, reserved 1048576K
}
Event: 20.148 GC heap after
{Heap after GC invocations=22 (full 2):
 PSYoungGen      total 24064K, used 2384K [0x00000000eab00000, 0x00000000ecb80000, 0x0000000100000000)
  eden space 21504K, 0% used [0x00000000eab00000,0x00000000eab00000,0x00000000ec000000)
  from space 2560K, 93% used [0x00000000ec900000,0x00000000ecb541e0,0x00000000ecb80000)
  to   space 3072K, 0% used [0x00000000ec580000,0x00000000ec580000,0x00000000ec880000)
 ParOldGen       total 68608K, used 34160K [0x00000000c0000000, 0x00000000c4300000, 0x00000000eab00000)
  object space 68608K, 49% used [0x00000000c0000000,0x00000000c215c398,0x00000000c4300000)
 Metaspace       used 53993K, committed 55104K, reserved 1114112K
  class space    used 5819K, committed 6272K, reserved 1048576K
}
Event: 20.782 GC heap before
{Heap before GC invocations=23 (full 2):
 PSYoungGen      total 24064K, used 23888K [0x00000000eab00000, 0x00000000ecb80000, 0x0000000100000000)
  eden space 21504K, 100% used [0x00000000eab00000,0x00000000ec000000,0x00000000ec000000)
  from space 2560K, 93% used [0x00000000ec900000,0x00000000ecb541e0,0x00000000ecb80000)
  to   space 3072K, 0% used [0x00000000ec580000,0x00000000ec580000,0x00000000ec880000)
 ParOldGen       total 68608K, used 34160K [0x00000000c0000000, 0x00000000c4300000, 0x00000000eab00000)
  object space 68608K, 49% used [0x00000000c0000000,0x00000000c215c398,0x00000000c4300000)
 Metaspace       used 56079K, committed 57216K, reserved 1114112K
  class space    used 6054K, committed 6528K, reserved 1048576K
}
Event: 20.788 GC heap after
{Heap after GC invocations=23 (full 2):
 PSYoungGen      total 22528K, used 923K [0x00000000eab00000, 0x00000000ec980000, 0x0000000100000000)
  eden space 21504K, 0% used [0x00000000eab00000,0x00000000eab00000,0x00000000ec000000)
  from space 1024K, 90% used [0x00000000ec580000,0x00000000ec666c28,0x00000000ec680000)
  to   space 1536K, 0% used [0x00000000ec800000,0x00000000ec800000,0x00000000ec980000)
 ParOldGen       total 68608K, used 36378K [0x00000000c0000000, 0x00000000c4300000, 0x00000000eab00000)
  object space 68608K, 53% used [0x00000000c0000000,0x00000000c2386b60,0x00000000c4300000)
 Metaspace       used 56079K, committed 57216K, reserved 1114112K
  class space    used 6054K, committed 6528K, reserved 1048576K
}
Event: 22.273 GC heap before
{Heap before GC invocations=24 (full 2):
 PSYoungGen      total 22528K, used 22427K [0x00000000eab00000, 0x00000000ec980000, 0x0000000100000000)
  eden space 21504K, 100% used [0x00000000eab00000,0x00000000ec000000,0x00000000ec000000)
  from space 1024K, 90% used [0x00000000ec580000,0x00000000ec666c28,0x00000000ec680000)
  to   space 1536K, 0% used [0x00000000ec800000,0x00000000ec800000,0x00000000ec980000)
 ParOldGen       total 68608K, used 36378K [0x00000000c0000000, 0x00000000c4300000, 0x00000000eab00000)
  object space 68608K, 53% used [0x00000000c0000000,0x00000000c2386b60,0x00000000c4300000)
 Metaspace       used 58480K, committed 59584K, reserved 1114112K
  class space    used 6365K, committed 6784K, reserved 1048576K
}
Event: 22.279 GC heap after
{Heap after GC invocations=24 (full 2):
 PSYoungGen      total 23040K, used 1459K [0x00000000eab00000, 0x00000000ec980000, 0x0000000100000000)
  eden space 21504K, 0% used [0x00000000eab00000,0x00000000eab00000,0x00000000ec000000)
  from space 1536K, 95% used [0x00000000ec800000,0x00000000ec96cee8,0x00000000ec980000)
  to   space 2048K, 0% used [0x00000000ec580000,0x00000000ec580000,0x00000000ec780000)
 ParOldGen       total 68608K, used 36974K [0x00000000c0000000, 0x00000000c4300000, 0x00000000eab00000)
  object space 68608K, 53% used [0x00000000c0000000,0x00000000c241ba08,0x00000000c4300000)
 Metaspace       used 58480K, committed 59584K, reserved 1114112K
  class space    used 6365K, committed 6784K, reserved 1048576K
}
Event: 24.147 GC heap before
{Heap before GC invocations=25 (full 2):
 PSYoungGen      total 23040K, used 4547K [0x00000000eab00000, 0x00000000ec980000, 0x0000000100000000)
  eden space 21504K, 14% used [0x00000000eab00000,0x00000000eae03d90,0x00000000ec000000)
  from space 1536K, 95% used [0x00000000ec800000,0x00000000ec96cee8,0x00000000ec980000)
  to   space 2048K, 0% used [0x00000000ec580000,0x00000000ec580000,0x00000000ec780000)
 ParOldGen       total 68608K, used 36974K [0x00000000c0000000, 0x00000000c4300000, 0x00000000eab00000)
  object space 68608K, 53% used [0x00000000c0000000,0x00000000c241ba08,0x00000000c4300000)
 Metaspace       used 58679K, committed 59776K, reserved 1114112K
  class space    used 6391K, committed 6848K, reserved 1048576K
}
Event: 24.151 GC heap after
{Heap after GC invocations=25 (full 2):
 PSYoungGen      total 22528K, used 966K [0x00000000eab00000, 0x00000000ec880000, 0x0000000100000000)
  eden space 21504K, 0% used [0x00000000eab00000,0x00000000eab00000,0x00000000ec000000)
  from space 1024K, 94% used [0x00000000ec580000,0x00000000ec6719f0,0x00000000ec680000)
  to   space 1536K, 0% used [0x00000000ec700000,0x00000000ec700000,0x00000000ec880000)
 ParOldGen       total 68608K, used 38044K [0x00000000c0000000, 0x00000000c4300000, 0x00000000eab00000)
  object space 68608K, 55% used [0x00000000c0000000,0x00000000c25273c0,0x00000000c4300000)
 Metaspace       used 58679K, committed 59776K, reserved 1114112K
  class space    used 6391K, committed 6848K, reserved 1048576K
}
Event: 24.151 GC heap before
{Heap before GC invocations=26 (full 3):
 PSYoungGen      total 22528K, used 966K [0x00000000eab00000, 0x00000000ec880000, 0x0000000100000000)
  eden space 21504K, 0% used [0x00000000eab00000,0x00000000eab00000,0x00000000ec000000)
  from space 1024K, 94% used [0x00000000ec580000,0x00000000ec6719f0,0x00000000ec680000)
  to   space 1536K, 0% used [0x00000000ec700000,0x00000000ec700000,0x00000000ec880000)
 ParOldGen       total 68608K, used 38044K [0x00000000c0000000, 0x00000000c4300000, 0x00000000eab00000)
  object space 68608K, 55% used [0x00000000c0000000,0x00000000c25273c0,0x00000000c4300000)
 Metaspace       used 58679K, committed 59776K, reserved 1114112K
  class space    used 6391K, committed 6848K, reserved 1048576K
}
Event: 24.280 GC heap after
{Heap after GC invocations=26 (full 3):
 PSYoungGen      total 22528K, used 0K [0x00000000eab00000, 0x00000000ec880000, 0x0000000100000000)
  eden space 21504K, 0% used [0x00000000eab00000,0x00000000eab00000,0x00000000ec000000)
  from space 1024K, 0% used [0x00000000ec580000,0x00000000ec580000,0x00000000ec680000)
  to   space 1536K, 0% used [0x00000000ec700000,0x00000000ec700000,0x00000000ec880000)
 ParOldGen       total 68608K, used 31805K [0x00000000c0000000, 0x00000000c4300000, 0x00000000eab00000)
  object space 68608K, 46% used [0x00000000c0000000,0x00000000c1f0f688,0x00000000c4300000)
 Metaspace       used 58679K, committed 59776K, reserved 1114112K
  class space    used 6391K, committed 6848K, reserved 1048576K
}
Event: 25.006 GC heap before
{Heap before GC invocations=27 (full 3):
 PSYoungGen      total 22528K, used 20777K [0x00000000eab00000, 0x00000000ec880000, 0x0000000100000000)
  eden space 21504K, 96% used [0x00000000eab00000,0x00000000ebf4a500,0x00000000ec000000)
  from space 1024K, 0% used [0x00000000ec580000,0x00000000ec580000,0x00000000ec680000)
  to   space 1536K, 0% used [0x00000000ec700000,0x00000000ec700000,0x00000000ec880000)
 ParOldGen       total 68608K, used 31805K [0x00000000c0000000, 0x00000000c4300000, 0x00000000eab00000)
  object space 68608K, 46% used [0x00000000c0000000,0x00000000c1f0f688,0x00000000c4300000)
 Metaspace       used 60166K, committed 61376K, reserved 1114112K
  class space    used 6535K, committed 7040K, reserved 1048576K
}
Event: 25.009 GC heap after
{Heap after GC invocations=27 (full 3):
 PSYoungGen      total 22528K, used 1008K [0x00000000eab00000, 0x00000000ec800000, 0x0000000100000000)
  eden space 21504K, 0% used [0x00000000eab00000,0x00000000eab00000,0x00000000ec000000)
  from space 1024K, 98% used [0x00000000ec700000,0x00000000ec7fc030,0x00000000ec800000)
  to   space 1024K, 0% used [0x00000000ec580000,0x00000000ec580000,0x00000000ec680000)
 ParOldGen       total 68608K, used 36372K [0x00000000c0000000, 0x00000000c4300000, 0x00000000eab00000)
  object space 68608K, 53% used [0x00000000c0000000,0x00000000c2385198,0x00000000c4300000)
 Metaspace       used 60166K, committed 61376K, reserved 1114112K
  class space    used 6535K, committed 7040K, reserved 1048576K
}

