# JRE version: OpenJDK Runtime Environment Temurin-17.0.13+11 (17.0.13+11) (build 17.0.13+11)
# Java VM: OpenJDK 64-Bit Server VM Temurin-17.0.13+11 (17.0.13+11, mixed mode, tiered, compressed oops, compressed class ptrs, parallel gc, windows-amd64)
GC Precious Log:
 CPUs: 8 total, 8 available
 Memory: 7997M
 Large Page Support: Disabled
 NUMA Support: Disabled
 Compressed Oops: Enabled (32-bit)
 Alignments: Space 512K, Generation 512K, Heap 2M
 Heap Min Capacity: 100M
 Heap Initial Capacity: 100M
 Heap Max Capacity: 1G
 Pre-touch: Disabled
 Parallel Workers: 8
Heap:
 PSYoungGen      total 5632K, used 2492K [0x00000000eab00000, 0x00000000eb280000, 0x0000000100000000)
  eden space 4608K, 41% used [0x00000000eab00000,0x00000000eace1af0,0x00000000eaf80000)
  from space 1024K, 59% used [0x00000000eaf80000,0x00000000eb018000,0x00000000eb080000)
  to   space 1024K, 0% used [0x00000000eb180000,0x00000000eb180000,0x00000000eb280000)
 ParOldGen       total 304128K, used 303450K [0x00000000c0000000, 0x00000000d2900000, 0x00000000eab00000)
  object space 304128K, 99% used [0x00000000c0000000,0x00000000d2856b70,0x00000000d2900000)
 Metaspace       used 79542K, committed 81024K, reserved 1179648K
  class space    used 8535K, committed 9216K, reserved 1048576K
GC Heap History (20 events):
Event: 193.454 GC heap before
{Heap before GC invocations=1284 (full 24):
 PSYoungGen      total 4608K, used 4432K [0x00000000eab00000, 0x00000000eb100000, 0x0000000100000000)
  eden space 4096K, 100% used [0x00000000eab00000,0x00000000eaf00000,0x00000000eaf00000)
  from space 512K, 65% used [0x00000000eb080000,0x00000000eb0d4010,0x00000000eb100000)
  to   space 512K, 0% used [0x00000000eaf00000,0x00000000eaf00000,0x00000000eaf80000)
 ParOldGen       total 304128K, used 300874K [0x00000000c0000000, 0x00000000d2900000, 0x00000000eab00000)
  object space 304128K, 98% used [0x00000000c0000000,0x00000000d25d2b50,0x00000000d2900000)
 Metaspace       used 79507K, committed 80960K, reserved 1179648K
  class space    used 8535K, committed 9216K, reserved 1048576K
}
Event: 193.456 GC heap after
{Heap after GC invocations=1284 (full 24):
 PSYoungGen      total 4608K, used 336K [0x00000000eab00000, 0x00000000eb100000, 0x0000000100000000)
  eden space 4096K, 0% used [0x00000000eab00000,0x00000000eab00000,0x00000000eaf00000)
  from space 512K, 65% used [0x00000000eaf00000,0x00000000eaf54010,0x00000000eaf80000)
  to   space 512K, 0% used [0x00000000eb080000,0x00000000eb080000,0x00000000eb100000)
 ParOldGen       total 304128K, used 300930K [0x00000000c0000000, 0x00000000d2900000, 0x00000000eab00000)
  object space 304128K, 98% used [0x00000000c0000000,0x00000000d25e0b50,0x00000000d2900000)
 Metaspace       used 79507K, committed 80960K, reserved 1179648K
  class space    used 8535K, committed 9216K, reserved 1048576K
}
Event: 193.473 GC heap before
{Heap before GC invocations=1285 (full 24):
 PSYoungGen      total 4608K, used 4432K [0x00000000eab00000, 0x00000000eb100000, 0x0000000100000000)
  eden space 4096K, 100% used [0x00000000eab00000,0x00000000eaf00000,0x00000000eaf00000)
  from space 512K, 65% used [0x00000000eaf00000,0x00000000eaf54010,0x00000000eaf80000)
  to   space 512K, 0% used [0x00000000eb080000,0x00000000eb080000,0x00000000eb100000)
 ParOldGen       total 304128K, used 300930K [0x00000000c0000000, 0x00000000d2900000, 0x00000000eab00000)
  object space 304128K, 98% used [0x00000000c0000000,0x00000000d25e0b50,0x00000000d2900000)
 Metaspace       used 79507K, committed 80960K, reserved 1179648K
  class space    used 8535K, committed 9216K, reserved 1048576K
}
Event: 193.475 GC heap after
{Heap after GC invocations=1285 (full 24):
 PSYoungGen      total 4608K, used 336K [0x00000000eab00000, 0x00000000eb100000, 0x0000000100000000)
  eden space 4096K, 0% used [0x00000000eab00000,0x00000000eab00000,0x00000000eaf00000)
  from space 512K, 65% used [0x00000000eb080000,0x00000000eb0d4010,0x00000000eb100000)
  to   space 512K, 0% used [0x00000000eaf00000,0x00000000eaf00000,0x00000000eaf80000)
 ParOldGen       total 304128K, used 300938K [0x00000000c0000000, 0x00000000d2900000, 0x00000000eab00000)
  object space 304128K, 98% used [0x00000000c0000000,0x00000000d25e2b50,0x00000000d2900000)
 Metaspace       used 79507K, committed 80960K, reserved 1179648K
  class space    used 8535K, committed 9216K, reserved 1048576K
}
Event: 193.485 GC heap before
{Heap before GC invocations=1286 (full 24):
 PSYoungGen      total 4608K, used 4432K [0x00000000eab00000, 0x00000000eb100000, 0x0000000100000000)
  eden space 4096K, 100% used [0x00000000eab00000,0x00000000eaf00000,0x00000000eaf00000)
  from space 512K, 65% used [0x00000000eb080000,0x00000000eb0d4010,0x00000000eb100000)
  to   space 512K, 0% used [0x00000000eaf00000,0x00000000eaf00000,0x00000000eaf80000)
 ParOldGen       total 304128K, used 300938K [0x00000000c0000000, 0x00000000d2900000, 0x00000000eab00000)
  object space 304128K, 98% used [0x00000000c0000000,0x00000000d25e2b50,0x00000000d2900000)
 Metaspace       used 79507K, committed 80960K, reserved 1179648K
  class space    used 8535K, committed 9216K, reserved 1048576K
}
Event: 193.487 GC heap after
{Heap after GC invocations=1286 (full 24):
 PSYoungGen      total 4608K, used 368K [0x00000000eab00000, 0x00000000eb100000, 0x0000000100000000)
  eden space 4096K, 0% used [0x00000000eab00000,0x00000000eab00000,0x00000000eaf00000)
  from space 512K, 71% used [0x00000000eaf00000,0x00000000eaf5c010,0x00000000eaf80000)
  to   space 512K, 0% used [0x00000000eb080000,0x00000000eb080000,0x00000000eb100000)
 ParOldGen       total 304128K, used 300970K [0x00000000c0000000, 0x00000000d2900000, 0x00000000eab00000)
  object space 304128K, 98% used [0x00000000c0000000,0x00000000d25eab50,0x00000000d2900000)
 Metaspace       used 79507K, committed 80960K, reserved 1179648K
  class space    used 8535K, committed 9216K, reserved 1048576K
}
Event: 193.503 GC heap before
{Heap before GC invocations=1287 (full 24):
 PSYoungGen      total 4608K, used 4464K [0x00000000eab00000, 0x00000000eb100000, 0x0000000100000000)
  eden space 4096K, 100% used [0x00000000eab00000,0x00000000eaf00000,0x00000000eaf00000)
  from space 512K, 71% used [0x00000000eaf00000,0x00000000eaf5c010,0x00000000eaf80000)
  to   space 512K, 0% used [0x00000000eb080000,0x00000000eb080000,0x00000000eb100000)
 ParOldGen       total 304128K, used 300970K [0x00000000c0000000, 0x00000000d2900000, 0x00000000eab00000)
  object space 304128K, 98% used [0x00000000c0000000,0x00000000d25eab50,0x00000000d2900000)
 Metaspace       used 79509K, committed 80960K, reserved 1179648K
  class space    used 8535K, committed 9216K, reserved 1048576K
}
Event: 193.504 GC heap after
{Heap after GC invocations=1287 (full 24):
 PSYoungGen      total 4608K, used 336K [0x00000000eab00000, 0x00000000eb100000, 0x0000000100000000)
  eden space 4096K, 0% used [0x00000000eab00000,0x00000000eab00000,0x00000000eaf00000)
  from space 512K, 65% used [0x00000000eb080000,0x00000000eb0d4010,0x00000000eb100000)
  to   space 512K, 0% used [0x00000000eaf00000,0x00000000eaf00000,0x00000000eaf80000)
 ParOldGen       total 304128K, used 300994K [0x00000000c0000000, 0x00000000d2900000, 0x00000000eab00000)
  object space 304128K, 98% used [0x00000000c0000000,0x00000000d25f0b50,0x00000000d2900000)
 Metaspace       used 79509K, committed 80960K, reserved 1179648K
  class space    used 8535K, committed 9216K, reserved 1048576K
}
Event: 193.517 GC heap before
{Heap before GC invocations=1288 (full 24):
 PSYoungGen      total 4608K, used 4432K [0x00000000eab00000, 0x00000000eb100000, 0x0000000100000000)
  eden space 4096K, 100% used [0x00000000eab00000,0x00000000eaf00000,0x00000000eaf00000)
  from space 512K, 65% used [0x00000000eb080000,0x00000000eb0d4010,0x00000000eb100000)
  to   space 512K, 0% used [0x00000000eaf00000,0x00000000eaf00000,0x00000000eaf80000)
 ParOldGen       total 304128K, used 300994K [0x00000000c0000000, 0x00000000d2900000, 0x00000000eab00000)
  object space 304128K, 98% used [0x00000000c0000000,0x00000000d25f0b50,0x00000000d2900000)
 Metaspace       used 79510K, committed 80960K, reserved 1179648K
  class space    used 8535K, committed 9216K, reserved 1048576K
}
Event: 193.519 GC heap after
{Heap after GC invocations=1288 (full 24):
 PSYoungGen      total 4608K, used 432K [0x00000000eab00000, 0x00000000eb100000, 0x0000000100000000)
  eden space 4096K, 0% used [0x00000000eab00000,0x00000000eab00000,0x00000000eaf00000)
  from space 512K, 84% used [0x00000000eaf00000,0x00000000eaf6c010,0x00000000eaf80000)
  to   space 512K, 0% used [0x00000000eb080000,0x00000000eb080000,0x00000000eb100000)
 ParOldGen       total 304128K, used 301026K [0x00000000c0000000, 0x00000000d2900000, 0x00000000eab00000)
  object space 304128K, 98% used [0x00000000c0000000,0x00000000d25f8b50,0x00000000d2900000)
 Metaspace       used 79510K, committed 80960K, reserved 1179648K
  class space    used 8535K, committed 9216K, reserved 1048576K
}
Event: 193.531 GC heap before
{Heap before GC invocations=1289 (full 24):
 PSYoungGen      total 4608K, used 4528K [0x00000000eab00000, 0x00000000eb100000, 0x0000000100000000)
  eden space 4096K, 100% used [0x00000000eab00000,0x00000000eaf00000,0x00000000eaf00000)
  from space 512K, 84% used [0x00000000eaf00000,0x00000000eaf6c010,0x00000000eaf80000)
  to   space 512K, 0% used [0x00000000eb080000,0x00000000eb080000,0x00000000eb100000)
 ParOldGen       total 304128K, used 301026K [0x00000000c0000000, 0x00000000d2900000, 0x00000000eab00000)
  object space 304128K, 98% used [0x00000000c0000000,0x00000000d25f8b50,0x00000000d2900000)
 Metaspace       used 79513K, committed 80960K, reserved 1179648K
  class space    used 8535K, committed 9216K, reserved 1048576K
}
Event: 193.533 GC heap after
{Heap after GC invocations=1289 (full 24):
 PSYoungGen      total 4608K, used 416K [0x00000000eab00000, 0x00000000eb100000, 0x0000000100000000)
  eden space 4096K, 0% used [0x00000000eab00000,0x00000000eab00000,0x00000000eaf00000)
  from space 512K, 81% used [0x00000000eb080000,0x00000000eb0e8000,0x00000000eb100000)
  to   space 512K, 0% used [0x00000000eaf00000,0x00000000eaf00000,0x00000000eaf80000)
 ParOldGen       total 304128K, used 301058K [0x00000000c0000000, 0x00000000d2900000, 0x00000000eab00000)
  object space 304128K, 98% used [0x00000000c0000000,0x00000000d2600b50,0x00000000d2900000)
 Metaspace       used 79513K, committed 80960K, reserved 1179648K
  class space    used 8535K, committed 9216K, reserved 1048576K
}
Event: 193.558 GC heap before
{Heap before GC invocations=1290 (full 24):
 PSYoungGen      total 4608K, used 4512K [0x00000000eab00000, 0x00000000eb100000, 0x0000000100000000)
  eden space 4096K, 100% used [0x00000000eab00000,0x00000000eaf00000,0x00000000eaf00000)
  from space 512K, 81% used [0x00000000eb080000,0x00000000eb0e8000,0x00000000eb100000)
  to   space 512K, 0% used [0x00000000eaf00000,0x00000000eaf00000,0x00000000eaf80000)
 ParOldGen       total 304128K, used 301058K [0x00000000c0000000, 0x00000000d2900000, 0x00000000eab00000)
  object space 304128K, 98% used [0x00000000c0000000,0x00000000d2600b50,0x00000000d2900000)
 Metaspace       used 79515K, committed 80960K, reserved 1179648K
  class space    used 8535K, committed 9216K, reserved 1048576K
}
Event: 193.560 GC heap after
{Heap after GC invocations=1290 (full 24):
 PSYoungGen      total 4608K, used 368K [0x00000000eab00000, 0x00000000eb100000, 0x0000000100000000)
  eden space 4096K, 0% used [0x00000000eab00000,0x00000000eab00000,0x00000000eaf00000)
  from space 512K, 71% used [0x00000000eaf00000,0x00000000eaf5c010,0x00000000eaf80000)
  to   space 512K, 0% used [0x00000000eb080000,0x00000000eb080000,0x00000000eb100000)
 ParOldGen       total 304128K, used 301082K [0x00000000c0000000, 0x00000000d2900000, 0x00000000eab00000)
  object space 304128K, 98% used [0x00000000c0000000,0x00000000d2606b50,0x00000000d2900000)
 Metaspace       used 79515K, committed 80960K, reserved 1179648K
  class space    used 8535K, committed 9216K, reserved 1048576K
}
Event: 193.598 GC heap before
{Heap before GC invocations=1291 (full 24):
 PSYoungGen      total 4608K, used 4464K [0x00000000eab00000, 0x00000000eb100000, 0x0000000100000000)
  eden space 4096K, 100% used [0x00000000eab00000,0x00000000eaf00000,0x00000000eaf00000)
  from space 512K, 71% used [0x00000000eaf00000,0x00000000eaf5c010,0x00000000eaf80000)
  to   space 512K, 0% used [0x00000000eb080000,0x00000000eb080000,0x00000000eb100000)
 ParOldGen       total 304128K, used 301082K [0x00000000c0000000, 0x00000000d2900000, 0x00000000eab00000)
  object space 304128K, 98% used [0x00000000c0000000,0x00000000d2606b50,0x00000000d2900000)
 Metaspace       used 79515K, committed 80960K, reserved 1179648K
  class space    used 8535K, committed 9216K, reserved 1048576K
}
Event: 193.600 GC heap after
{Heap after GC invocations=1291 (full 24):
 PSYoungGen      total 4608K, used 192K [0x00000000eab00000, 0x00000000eb100000, 0x0000000100000000)
  eden space 4096K, 0% used [0x00000000eab00000,0x00000000eab00000,0x00000000eaf00000)
  from space 512K, 37% used [0x00000000eb080000,0x00000000eb0b0000,0x00000000eb100000)
  to   space 512K, 0% used [0x00000000eaf00000,0x00000000eaf00000,0x00000000eaf80000)
 ParOldGen       total 304128K, used 301098K [0x00000000c0000000, 0x00000000d2900000, 0x00000000eab00000)
  object space 304128K, 99% used [0x00000000c0000000,0x00000000d260ab50,0x00000000d2900000)
 Metaspace       used 79515K, committed 80960K, reserved 1179648K
  class space    used 8535K, committed 9216K, reserved 1048576K
}
Event: 193.617 GC heap before
{Heap before GC invocations=1292 (full 24):
 PSYoungGen      total 4608K, used 4288K [0x00000000eab00000, 0x00000000eb100000, 0x0000000100000000)
  eden space 4096K, 100% used [0x00000000eab00000,0x00000000eaf00000,0x00000000eaf00000)
  from space 512K, 37% used [0x00000000eb080000,0x00000000eb0b0000,0x00000000eb100000)
  to   space 512K, 0% used [0x00000000eaf00000,0x00000000eaf00000,0x00000000eaf80000)
 ParOldGen       total 304128K, used 301098K [0x00000000c0000000, 0x00000000d2900000, 0x00000000eab00000)
  object space 304128K, 99% used [0x00000000c0000000,0x00000000d260ab50,0x00000000d2900000)
 Metaspace       used 79517K, committed 80960K, reserved 1179648K
  class space    used 8535K, committed 9216K, reserved 1048576K
}
Event: 193.618 GC heap after
{Heap after GC invocations=1292 (full 24):
 PSYoungGen      total 4608K, used 256K [0x00000000eab00000, 0x00000000eb100000, 0x0000000100000000)
  eden space 4096K, 0% used [0x00000000eab00000,0x00000000eab00000,0x00000000eaf00000)
  from space 512K, 50% used [0x00000000eaf00000,0x00000000eaf40000,0x00000000eaf80000)
  to   space 512K, 0% used [0x00000000eb080000,0x00000000eb080000,0x00000000eb100000)
 ParOldGen       total 304128K, used 301130K [0x00000000c0000000, 0x00000000d2900000, 0x00000000eab00000)
  object space 304128K, 99% used [0x00000000c0000000,0x00000000d2612b50,0x00000000d2900000)
 Metaspace       used 79517K, committed 80960K, reserved 1179648K
  class space    used 8535K, committed 9216K, reserved 1048576K
}
Event: 193.636 GC heap before
{Heap before GC invocations=1293 (full 24):
 PSYoungGen      total 4608K, used 4352K [0x00000000eab00000, 0x00000000eb100000, 0x0000000100000000)
  eden space 4096K, 100% used [0x00000000eab00000,0x00000000eaf00000,0x00000000eaf00000)
  from space 512K, 50% used [0x00000000eaf00000,0x00000000eaf40000,0x00000000eaf80000)
  to   space 512K, 0% used [0x00000000eb080000,0x00000000eb080000,0x00000000eb100000)
 ParOldGen       total 304128K, used 301130K [0x00000000c0000000, 0x00000000d2900000, 0x00000000eab00000)
  object space 304128K, 99% used [0x00000000c0000000,0x00000000d2612b50,0x00000000d2900000)
 Metaspace       used 79517K, committed 80960K, reserved 1179648K
  class space    used 8535K, committed 9216K, reserved 1048576K
}
Event: 193.638 GC heap after
{Heap after GC invocations=1293 (full 24):
 PSYoungGen      total 4608K, used 384K [0x00000000eab00000, 0x00000000eb100000, 0x0000000100000000)
  eden space 4096K, 0% used [0x00000000eab00000,0x00000000eab00000,0x00000000eaf00000)
  from space 512K, 75% used [0x00000000eb080000,0x00000000eb0e0000,0x00000000eb100000)
  to   space 512K, 0% used [0x00000000eaf00000,0x00000000eaf00000,0x00000000eaf80000)
 ParOldGen       total 304128K, used 301178K [0x00000000c0000000, 0x00000000d2900000, 0x00000000eab00000)
  object space 304128K, 99% used [0x00000000c0000000,0x00000000d261eb50,0x00000000d2900000)
 Metaspace       used 79517K, committed 80960K, reserved 1179648K
  class space    used 8535K, committed 9216K, reserved 1048576K
}

