# JRE version: OpenJDK Runtime Environment Temurin-17.0.13+11 (17.0.13+11) (build 17.0.13+11)
# Java VM: OpenJDK 64-Bit Server VM Temurin-17.0.13+11 (17.0.13+11, mixed mode, tiered, compressed oops, compressed class ptrs, g1 gc, windows-amd64)
GC Precious Log:
 CPUs: 8 total, 8 available
 Memory: 7997M
 Large Page Support: Disabled
 NUMA Support: Disabled
 Compressed Oops: Enabled (32-bit)
 Heap Region Size: 1M
 Heap Min Capacity: 8M
 Heap Initial Capacity: 126M
 Heap Max Capacity: 2000M
 Pre-touch: Disabled
 Parallel Workers: 8
 Concurrent Workers: 2
 Concurrent Refinement Workers: 8
 Periodic GC: Disabled
Heap:
 garbage-first heap   total 67584K, used 43305K [0x0000000083000000, 0x0000000100000000)
  region size 1024K, 9 young (9216K), 3 survivors (3072K)
 Metaspace       used 76295K, committed 76928K, reserved 1179648K
  class space    used 9928K, committed 10240K, reserved 1048576K
GC Heap History (20 events):
Event: 17.828 GC heap before
{Heap before GC invocations=31 (full 0):
 garbage-first heap   total 55296K, used 39977K [0x0000000083000000, 0x0000000100000000)
  region size 1024K, 12 young (12288K), 2 survivors (2048K)
 Metaspace       used 65268K, committed 65856K, reserved 1114112K
  class space    used 8486K, committed 8768K, reserved 1048576K
}
Event: 17.834 GC heap after
{Heap after GC invocations=32 (full 0):
 garbage-first heap   total 55296K, used 30427K [0x0000000083000000, 0x0000000100000000)
  region size 1024K, 2 young (2048K), 2 survivors (2048K)
 Metaspace       used 65268K, committed 65856K, reserved 1114112K
  class space    used 8486K, committed 8768K, reserved 1048576K
}
Event: 17.894 GC heap before
{Heap before GC invocations=32 (full 0):
 garbage-first heap   total 55296K, used 31451K [0x0000000083000000, 0x0000000100000000)
  region size 1024K, 3 young (3072K), 2 survivors (2048K)
 Metaspace       used 65288K, committed 65856K, reserved 1114112K
  class space    used 8489K, committed 8768K, reserved 1048576K
}
Event: 17.900 GC heap after
{Heap after GC invocations=33 (full 0):
 garbage-first heap   total 55296K, used 30560K [0x0000000083000000, 0x0000000100000000)
  region size 1024K, 1 young (1024K), 1 survivors (1024K)
 Metaspace       used 65288K, committed 65856K, reserved 1114112K
  class space    used 8489K, committed 8768K, reserved 1048576K
}
Event: 18.559 GC heap before
{Heap before GC invocations=33 (full 0):
 garbage-first heap   total 55296K, used 44896K [0x0000000083000000, 0x0000000100000000)
  region size 1024K, 15 young (15360K), 1 survivors (1024K)
 Metaspace       used 66254K, committed 66816K, reserved 1114112K
  class space    used 8625K, committed 8896K, reserved 1048576K
}
Event: 18.564 GC heap after
{Heap after GC invocations=34 (full 0):
 garbage-first heap   total 55296K, used 31517K [0x0000000083000000, 0x0000000100000000)
  region size 1024K, 2 young (2048K), 2 survivors (2048K)
 Metaspace       used 66254K, committed 66816K, reserved 1114112K
  class space    used 8625K, committed 8896K, reserved 1048576K
}
Event: 19.239 GC heap before
{Heap before GC invocations=35 (full 0):
 garbage-first heap   total 56320K, used 43805K [0x0000000083000000, 0x0000000100000000)
  region size 1024K, 15 young (15360K), 2 survivors (2048K)
 Metaspace       used 66878K, committed 67392K, reserved 1114112K
  class space    used 8715K, committed 8960K, reserved 1048576K
}
Event: 19.246 GC heap after
{Heap after GC invocations=36 (full 0):
 garbage-first heap   total 67584K, used 32402K [0x0000000083000000, 0x0000000100000000)
  region size 1024K, 1 young (1024K), 1 survivors (1024K)
 Metaspace       used 66878K, committed 67392K, reserved 1114112K
  class space    used 8715K, committed 8960K, reserved 1048576K
}
Event: 19.342 GC heap before
{Heap before GC invocations=36 (full 0):
 garbage-first heap   total 67584K, used 34450K [0x0000000083000000, 0x0000000100000000)
  region size 1024K, 3 young (3072K), 1 survivors (1024K)
 Metaspace       used 66971K, committed 67456K, reserved 1114112K
  class space    used 8729K, committed 8960K, reserved 1048576K
}
Event: 19.349 GC heap after
{Heap after GC invocations=37 (full 0):
 garbage-first heap   total 67584K, used 32149K [0x0000000083000000, 0x0000000100000000)
  region size 1024K, 1 young (1024K), 1 survivors (1024K)
 Metaspace       used 66971K, committed 67456K, reserved 1114112K
  class space    used 8729K, committed 8960K, reserved 1048576K
}
Event: 20.261 GC heap before
{Heap before GC invocations=37 (full 0):
 garbage-first heap   total 67584K, used 53653K [0x0000000083000000, 0x0000000100000000)
  region size 1024K, 22 young (22528K), 1 survivors (1024K)
 Metaspace       used 67983K, committed 68544K, reserved 1114112K
  class space    used 8880K, committed 9152K, reserved 1048576K
}
Event: 20.269 GC heap after
{Heap after GC invocations=38 (full 0):
 garbage-first heap   total 67584K, used 33376K [0x0000000083000000, 0x0000000100000000)
  region size 1024K, 2 young (2048K), 2 survivors (2048K)
 Metaspace       used 67983K, committed 68544K, reserved 1114112K
  class space    used 8880K, committed 9152K, reserved 1048576K
}
Event: 21.214 GC heap before
{Heap before GC invocations=39 (full 0):
 garbage-first heap   total 67584K, used 54880K [0x0000000083000000, 0x0000000100000000)
  region size 1024K, 23 young (23552K), 2 survivors (2048K)
 Metaspace       used 69227K, committed 69824K, reserved 1114112K
  class space    used 9020K, committed 9280K, reserved 1048576K
}
Event: 21.221 GC heap after
{Heap after GC invocations=40 (full 0):
 garbage-first heap   total 67584K, used 35135K [0x0000000083000000, 0x0000000100000000)
  region size 1024K, 3 young (3072K), 3 survivors (3072K)
 Metaspace       used 69227K, committed 69824K, reserved 1114112K
  class space    used 9020K, committed 9280K, reserved 1048576K
}
Event: 21.244 GC heap before
{Heap before GC invocations=40 (full 0):
 garbage-first heap   total 67584K, used 36159K [0x0000000083000000, 0x0000000100000000)
  region size 1024K, 4 young (4096K), 3 survivors (3072K)
 Metaspace       used 69230K, committed 69824K, reserved 1114112K
  class space    used 9020K, committed 9280K, reserved 1048576K
}
Event: 21.253 GC heap after
{Heap after GC invocations=41 (full 0):
 garbage-first heap   total 67584K, used 35366K [0x0000000083000000, 0x0000000100000000)
  region size 1024K, 1 young (1024K), 1 survivors (1024K)
 Metaspace       used 69230K, committed 69824K, reserved 1114112K
  class space    used 9020K, committed 9280K, reserved 1048576K
}
Event: 22.962 GC heap before
{Heap before GC invocations=41 (full 0):
 garbage-first heap   total 67584K, used 53798K [0x0000000083000000, 0x0000000100000000)
  region size 1024K, 20 young (20480K), 1 survivors (1024K)
 Metaspace       used 71511K, committed 72128K, reserved 1114112K
  class space    used 9371K, committed 9664K, reserved 1048576K
}
Event: 22.969 GC heap after
{Heap after GC invocations=42 (full 0):
 garbage-first heap   total 67584K, used 36165K [0x0000000083000000, 0x0000000100000000)
  region size 1024K, 2 young (2048K), 2 survivors (2048K)
 Metaspace       used 71511K, committed 72128K, reserved 1114112K
  class space    used 9371K, committed 9664K, reserved 1048576K
}
Event: 28.634 GC heap before
{Heap before GC invocations=42 (full 0):
 garbage-first heap   total 67584K, used 53573K [0x0000000083000000, 0x0000000100000000)
  region size 1024K, 20 young (20480K), 2 survivors (2048K)
 Metaspace       used 75263K, committed 75904K, reserved 1179648K
  class space    used 9815K, committed 10112K, reserved 1048576K
}
Event: 28.641 GC heap after
{Heap after GC invocations=43 (full 0):
 garbage-first heap   total 67584K, used 38185K [0x0000000083000000, 0x0000000100000000)
  region size 1024K, 3 young (3072K), 3 survivors (3072K)
 Metaspace       used 75263K, committed 75904K, reserved 1179648K
  class space    used 9815K, committed 10112K, reserved 1048576K
}

