# JRE version: OpenJDK Runtime Environment Temurin-17.0.13+11 (17.0.13+11) (build 17.0.13+11)
# Java VM: OpenJDK 64-Bit Server VM Temurin-17.0.13+11 (17.0.13+11, mixed mode, tiered, compressed oops, compressed class ptrs, g1 gc, windows-amd64)
GC Precious Log:
 CPUs: 8 total, 8 available
 Memory: 7997M
 Large Page Support: Disabled
 NUMA Support: Disabled
 Compressed Oops: Enabled (32-bit)
 Heap Region Size: 1M
 Heap Min Capacity: 8M
 Heap Initial Capacity: 126M
 Heap Max Capacity: 2000M
 Pre-touch: Disabled
 Parallel Workers: 8
 Concurrent Workers: 2
 Concurrent Refinement Workers: 8
 Periodic GC: Disabled
Heap:
 garbage-first heap   total 64512K, used 45640K [0x0000000083000000, 0x0000000100000000)
  region size 1024K, 21 young (21504K), 0 survivors (0K)
 Metaspace       used 70954K, committed 71552K, reserved 1114112K
  class space    used 9207K, committed 9472K, reserved 1048576K
GC Heap History (20 events):
Event: 34.701 GC heap before
{Heap before GC invocations=29 (full 1):
 garbage-first heap   total 53248K, used 40554K [0x0000000083000000, 0x0000000100000000)
  region size 1024K, 15 young (15360K), 0 survivors (0K)
 Metaspace       used 67615K, committed 68160K, reserved 1114112K
  class space    used 8951K, committed 9216K, reserved 1048576K
}
Event: 34.704 GC heap after
{Heap after GC invocations=30 (full 1):
 garbage-first heap   total 53248K, used 27125K [0x0000000083000000, 0x0000000100000000)
  region size 1024K, 2 young (2048K), 2 survivors (2048K)
 Metaspace       used 67615K, committed 68160K, reserved 1114112K
  class space    used 8951K, committed 9216K, reserved 1048576K
}
Event: 35.250 GC heap before
{Heap before GC invocations=31 (full 1):
 garbage-first heap   total 53248K, used 40437K [0x0000000083000000, 0x0000000100000000)
  region size 1024K, 15 young (15360K), 2 survivors (2048K)
 Metaspace       used 67751K, committed 68288K, reserved 1114112K
  class space    used 8954K, committed 9216K, reserved 1048576K
}
Event: 35.255 GC heap after
{Heap after GC invocations=32 (full 1):
 garbage-first heap   total 53248K, used 28072K [0x0000000083000000, 0x0000000100000000)
  region size 1024K, 2 young (2048K), 2 survivors (2048K)
 Metaspace       used 67751K, committed 68288K, reserved 1114112K
  class space    used 8954K, committed 9216K, reserved 1048576K
}
Event: 35.586 GC heap before
{Heap before GC invocations=32 (full 1):
 garbage-first heap   total 53248K, used 39336K [0x0000000083000000, 0x0000000100000000)
  region size 1024K, 14 young (14336K), 2 survivors (2048K)
 Metaspace       used 67873K, committed 68416K, reserved 1114112K
  class space    used 8957K, committed 9216K, reserved 1048576K
}
Event: 35.590 GC heap after
{Heap after GC invocations=33 (full 1):
 garbage-first heap   total 53248K, used 28461K [0x0000000083000000, 0x0000000100000000)
  region size 1024K, 1 young (1024K), 1 survivors (1024K)
 Metaspace       used 67873K, committed 68416K, reserved 1114112K
  class space    used 8957K, committed 9216K, reserved 1048576K
}
Event: 35.991 GC heap before
{Heap before GC invocations=34 (full 1):
 garbage-first heap   total 53248K, used 39725K [0x0000000083000000, 0x0000000100000000)
  region size 1024K, 13 young (13312K), 1 survivors (1024K)
 Metaspace       used 68119K, committed 68736K, reserved 1114112K
  class space    used 8973K, committed 9280K, reserved 1048576K
}
Event: 35.995 GC heap after
{Heap after GC invocations=35 (full 1):
 garbage-first heap   total 53248K, used 29539K [0x0000000083000000, 0x0000000100000000)
  region size 1024K, 2 young (2048K), 2 survivors (2048K)
 Metaspace       used 68119K, committed 68736K, reserved 1114112K
  class space    used 8973K, committed 9280K, reserved 1048576K
}
Event: 36.322 GC heap before
{Heap before GC invocations=35 (full 1):
 garbage-first heap   total 53248K, used 39779K [0x0000000083000000, 0x0000000100000000)
  region size 1024K, 13 young (13312K), 2 survivors (2048K)
 Metaspace       used 68307K, committed 68928K, reserved 1114112K
  class space    used 8980K, committed 9280K, reserved 1048576K
}
Event: 36.328 GC heap after
{Heap after GC invocations=36 (full 1):
 garbage-first heap   total 64512K, used 30601K [0x0000000083000000, 0x0000000100000000)
  region size 1024K, 2 young (2048K), 2 survivors (2048K)
 Metaspace       used 68307K, committed 68928K, reserved 1114112K
  class space    used 8980K, committed 9280K, reserved 1048576K
}
Event: 281.132 GC heap before
{Heap before GC invocations=37 (full 1):
 garbage-first heap   total 64512K, used 44937K [0x0000000083000000, 0x0000000100000000)
  region size 1024K, 17 young (17408K), 2 survivors (2048K)
 Metaspace       used 70252K, committed 70848K, reserved 1114112K
  class space    used 9184K, committed 9472K, reserved 1048576K
}
Event: 281.206 GC heap after
{Heap after GC invocations=38 (full 2):
 garbage-first heap   total 64512K, used 26468K [0x0000000083000000, 0x0000000100000000)
  region size 1024K, 0 young (0K), 0 survivors (0K)
 Metaspace       used 70249K, committed 70848K, reserved 1114112K
  class space    used 9183K, committed 9472K, reserved 1048576K
}
Event: 282.035 GC heap before
{Heap before GC invocations=38 (full 2):
 garbage-first heap   total 64512K, used 48996K [0x0000000083000000, 0x0000000100000000)
  region size 1024K, 22 young (22528K), 0 survivors (0K)
 Metaspace       used 70361K, committed 70976K, reserved 1114112K
  class space    used 9185K, committed 9472K, reserved 1048576K
}
Event: 282.039 GC heap after
{Heap after GC invocations=39 (full 2):
 garbage-first heap   total 64512K, used 28516K [0x0000000083000000, 0x0000000100000000)
  region size 1024K, 2 young (2048K), 2 survivors (2048K)
 Metaspace       used 70361K, committed 70976K, reserved 1114112K
  class space    used 9185K, committed 9472K, reserved 1048576K
}
Event: 282.582 GC heap before
{Heap before GC invocations=39 (full 2):
 garbage-first heap   total 64512K, used 48996K [0x0000000083000000, 0x0000000100000000)
  region size 1024K, 22 young (22528K), 2 survivors (2048K)
 Metaspace       used 70589K, committed 71232K, reserved 1114112K
  class space    used 9198K, committed 9472K, reserved 1048576K
}
Event: 282.587 GC heap after
{Heap after GC invocations=40 (full 2):
 garbage-first heap   total 64512K, used 29908K [0x0000000083000000, 0x0000000100000000)
  region size 1024K, 2 young (2048K), 2 survivors (2048K)
 Metaspace       used 70589K, committed 71232K, reserved 1114112K
  class space    used 9198K, committed 9472K, reserved 1048576K
}
Event: 282.973 GC heap before
{Heap before GC invocations=40 (full 2):
 garbage-first heap   total 64512K, used 48340K [0x0000000083000000, 0x0000000100000000)
  region size 1024K, 21 young (21504K), 2 survivors (2048K)
 Metaspace       used 70804K, committed 71424K, reserved 1114112K
  class space    used 9204K, committed 9472K, reserved 1048576K
}
Event: 282.978 GC heap after
{Heap after GC invocations=41 (full 2):
 garbage-first heap   total 64512K, used 31401K [0x0000000083000000, 0x0000000100000000)
  region size 1024K, 3 young (3072K), 3 survivors (3072K)
 Metaspace       used 70804K, committed 71424K, reserved 1114112K
  class space    used 9204K, committed 9472K, reserved 1048576K
}
Event: 298.035 GC heap before
{Heap before GC invocations=42 (full 2):
 garbage-first heap   total 64512K, used 37545K [0x0000000083000000, 0x0000000100000000)
  region size 1024K, 10 young (10240K), 3 survivors (3072K)
 Metaspace       used 70874K, committed 71488K, reserved 1114112K
  class space    used 9204K, committed 9472K, reserved 1048576K
}
Event: 298.103 GC heap after
{Heap after GC invocations=43 (full 3):
 garbage-first heap   total 64512K, used 26184K [0x0000000083000000, 0x0000000100000000)
  region size 1024K, 0 young (0K), 0 survivors (0K)
 Metaspace       used 70871K, committed 71488K, reserved 1114112K
  class space    used 9204K, committed 9472K, reserved 1048576K
}

