# JRE version: OpenJDK Runtime Environment Temurin-17.0.13+11 (17.0.13+11) (build 17.0.13+11)
# Java VM: OpenJDK 64-Bit Server VM Temurin-17.0.13+11 (17.0.13+11, mixed mode, tiered, compressed oops, compressed class ptrs, parallel gc, windows-amd64)
GC Precious Log:
 CPUs: 8 total, 8 available
 Memory: 7997M
 Large Page Support: Disabled
 NUMA Support: Disabled
 Compressed Oops: Enabled (32-bit)
 Alignments: Space 512K, Generation 512K, Heap 2M
 Heap Min Capacity: 100M
 Heap Initial Capacity: 100M
 Heap Max Capacity: 1G
 Pre-touch: Disabled
 Parallel Workers: 8
Heap:
 PSYoungGen      total 26112K, used 20079K [0x00000000eab00000, 0x00000000ec980000, 0x0000000100000000)
  eden space 22016K, 86% used [0x00000000eab00000,0x00000000ebdae180,0x00000000ec080000)
  from space 4096K, 23% used [0x00000000ec380000,0x00000000ec46da80,0x00000000ec780000)
  to   space 2048K, 0% used [0x00000000ec780000,0x00000000ec780000,0x00000000ec980000)
 ParOldGen       total 68608K, used 52230K [0x00000000c0000000, 0x00000000c4300000, 0x00000000eab00000)
  object space 68608K, 76% used [0x00000000c0000000,0x00000000c3301840,0x00000000c4300000)
 Metaspace       used 49809K, committed 50688K, reserved 1114112K
  class space    used 5101K, committed 5504K, reserved 1048576K
GC Heap History (20 events):
Event: 24.695 GC heap before
{Heap before GC invocations=18 (full 2):
 PSYoungGen      total 22528K, used 22418K [0x00000000eab00000, 0x00000000ec400000, 0x0000000100000000)
  eden space 22016K, 100% used [0x00000000eab00000,0x00000000ec080000,0x00000000ec080000)
  from space 512K, 78% used [0x00000000ec100000,0x00000000ec1648a0,0x00000000ec180000)
  to   space 1536K, 0% used [0x00000000ec280000,0x00000000ec280000,0x00000000ec400000)
 ParOldGen       total 68608K, used 22196K [0x00000000c0000000, 0x00000000c4300000, 0x00000000eab00000)
  object space 68608K, 32% used [0x00000000c0000000,0x00000000c15ad3f0,0x00000000c4300000)
 Metaspace       used 44708K, committed 45568K, reserved 1114112K
  class space    used 4563K, committed 4928K, reserved 1048576K
}
Event: 24.708 GC heap after
{Heap after GC invocations=18 (full 2):
 PSYoungGen      total 23552K, used 1120K [0x00000000eab00000, 0x00000000ec400000, 0x0000000100000000)
  eden space 22016K, 0% used [0x00000000eab00000,0x00000000eab00000,0x00000000ec080000)
  from space 1536K, 72% used [0x00000000ec280000,0x00000000ec398020,0x00000000ec400000)
  to   space 1536K, 0% used [0x00000000ec100000,0x00000000ec100000,0x00000000ec280000)
 ParOldGen       total 68608K, used 22468K [0x00000000c0000000, 0x00000000c4300000, 0x00000000eab00000)
  object space 68608K, 32% used [0x00000000c0000000,0x00000000c15f13f0,0x00000000c4300000)
 Metaspace       used 44708K, committed 45568K, reserved 1114112K
  class space    used 4563K, committed 4928K, reserved 1048576K
}
Event: 24.963 GC heap before
{Heap before GC invocations=19 (full 2):
 PSYoungGen      total 23552K, used 23136K [0x00000000eab00000, 0x00000000ec400000, 0x0000000100000000)
  eden space 22016K, 100% used [0x00000000eab00000,0x00000000ec080000,0x00000000ec080000)
  from space 1536K, 72% used [0x00000000ec280000,0x00000000ec398020,0x00000000ec400000)
  to   space 1536K, 0% used [0x00000000ec100000,0x00000000ec100000,0x00000000ec280000)
 ParOldGen       total 68608K, used 22468K [0x00000000c0000000, 0x00000000c4300000, 0x00000000eab00000)
  object space 68608K, 32% used [0x00000000c0000000,0x00000000c15f13f0,0x00000000c4300000)
 Metaspace       used 44725K, committed 45568K, reserved 1114112K
  class space    used 4567K, committed 4928K, reserved 1048576K
}
Event: 24.972 GC heap after
{Heap after GC invocations=19 (full 2):
 PSYoungGen      total 23552K, used 1536K [0x00000000eab00000, 0x00000000ec780000, 0x0000000100000000)
  eden space 22016K, 0% used [0x00000000eab00000,0x00000000eab00000,0x00000000ec080000)
  from space 1536K, 100% used [0x00000000ec100000,0x00000000ec280000,0x00000000ec280000)
  to   space 3584K, 0% used [0x00000000ec400000,0x00000000ec400000,0x00000000ec780000)
 ParOldGen       total 68608K, used 23777K [0x00000000c0000000, 0x00000000c4300000, 0x00000000eab00000)
  object space 68608K, 34% used [0x00000000c0000000,0x00000000c1738520,0x00000000c4300000)
 Metaspace       used 44725K, committed 45568K, reserved 1114112K
  class space    used 4567K, committed 4928K, reserved 1048576K
}
Event: 25.885 GC heap before
{Heap before GC invocations=20 (full 2):
 PSYoungGen      total 23552K, used 23552K [0x00000000eab00000, 0x00000000ec780000, 0x0000000100000000)
  eden space 22016K, 100% used [0x00000000eab00000,0x00000000ec080000,0x00000000ec080000)
  from space 1536K, 100% used [0x00000000ec100000,0x00000000ec280000,0x00000000ec280000)
  to   space 3584K, 0% used [0x00000000ec400000,0x00000000ec400000,0x00000000ec780000)
 ParOldGen       total 68608K, used 23777K [0x00000000c0000000, 0x00000000c4300000, 0x00000000eab00000)
  object space 68608K, 34% used [0x00000000c0000000,0x00000000c1738520,0x00000000c4300000)
 Metaspace       used 44801K, committed 45632K, reserved 1114112K
  class space    used 4572K, committed 4928K, reserved 1048576K
}
Event: 25.899 GC heap after
{Heap after GC invocations=20 (full 2):
 PSYoungGen      total 25088K, used 2596K [0x00000000eab00000, 0x00000000ec700000, 0x0000000100000000)
  eden space 22016K, 0% used [0x00000000eab00000,0x00000000eab00000,0x00000000ec080000)
  from space 3072K, 84% used [0x00000000ec400000,0x00000000ec689010,0x00000000ec700000)
  to   space 3072K, 0% used [0x00000000ec100000,0x00000000ec100000,0x00000000ec400000)
 ParOldGen       total 68608K, used 25345K [0x00000000c0000000, 0x00000000c4300000, 0x00000000eab00000)
  object space 68608K, 36% used [0x00000000c0000000,0x00000000c18c0520,0x00000000c4300000)
 Metaspace       used 44801K, committed 45632K, reserved 1114112K
  class space    used 4572K, committed 4928K, reserved 1048576K
}
Event: 26.158 GC heap before
{Heap before GC invocations=21 (full 2):
 PSYoungGen      total 25088K, used 24612K [0x00000000eab00000, 0x00000000ec700000, 0x0000000100000000)
  eden space 22016K, 100% used [0x00000000eab00000,0x00000000ec080000,0x00000000ec080000)
  from space 3072K, 84% used [0x00000000ec400000,0x00000000ec689010,0x00000000ec700000)
  to   space 3072K, 0% used [0x00000000ec100000,0x00000000ec100000,0x00000000ec400000)
 ParOldGen       total 68608K, used 25345K [0x00000000c0000000, 0x00000000c4300000, 0x00000000eab00000)
  object space 68608K, 36% used [0x00000000c0000000,0x00000000c18c0520,0x00000000c4300000)
 Metaspace       used 44805K, committed 45632K, reserved 1114112K
  class space    used 4572K, committed 4928K, reserved 1048576K
}
Event: 26.167 GC heap after
{Heap after GC invocations=21 (full 2):
 PSYoungGen      total 24576K, used 2112K [0x00000000eab00000, 0x00000000ec580000, 0x0000000100000000)
  eden space 22016K, 0% used [0x00000000eab00000,0x00000000eab00000,0x00000000ec080000)
  from space 2560K, 82% used [0x00000000ec100000,0x00000000ec310000,0x00000000ec380000)
  to   space 2048K, 0% used [0x00000000ec380000,0x00000000ec380000,0x00000000ec580000)
 ParOldGen       total 68608K, used 27805K [0x00000000c0000000, 0x00000000c4300000, 0x00000000eab00000)
  object space 68608K, 40% used [0x00000000c0000000,0x00000000c1b27530,0x00000000c4300000)
 Metaspace       used 44805K, committed 45632K, reserved 1114112K
  class space    used 4572K, committed 4928K, reserved 1048576K
}
Event: 27.969 GC heap before
{Heap before GC invocations=22 (full 2):
 PSYoungGen      total 24576K, used 24128K [0x00000000eab00000, 0x00000000ec580000, 0x0000000100000000)
  eden space 22016K, 100% used [0x00000000eab00000,0x00000000ec080000,0x00000000ec080000)
  from space 2560K, 82% used [0x00000000ec100000,0x00000000ec310000,0x00000000ec380000)
  to   space 2048K, 0% used [0x00000000ec380000,0x00000000ec380000,0x00000000ec580000)
 ParOldGen       total 68608K, used 27805K [0x00000000c0000000, 0x00000000c4300000, 0x00000000eab00000)
  object space 68608K, 40% used [0x00000000c0000000,0x00000000c1b27530,0x00000000c4300000)
 Metaspace       used 46067K, committed 46848K, reserved 1114112K
  class space    used 4765K, committed 5120K, reserved 1048576K
}
Event: 27.980 GC heap after
{Heap after GC invocations=22 (full 2):
 PSYoungGen      total 24064K, used 2021K [0x00000000eab00000, 0x00000000ec580000, 0x0000000100000000)
  eden space 22016K, 0% used [0x00000000eab00000,0x00000000eab00000,0x00000000ec080000)
  from space 2048K, 98% used [0x00000000ec380000,0x00000000ec579518,0x00000000ec580000)
  to   space 2560K, 0% used [0x00000000ec080000,0x00000000ec080000,0x00000000ec300000)
 ParOldGen       total 68608K, used 29765K [0x00000000c0000000, 0x00000000c4300000, 0x00000000eab00000)
  object space 68608K, 43% used [0x00000000c0000000,0x00000000c1d11530,0x00000000c4300000)
 Metaspace       used 46067K, committed 46848K, reserved 1114112K
  class space    used 4765K, committed 5120K, reserved 1048576K
}
Event: 29.206 GC heap before
{Heap before GC invocations=23 (full 2):
 PSYoungGen      total 24064K, used 24037K [0x00000000eab00000, 0x00000000ec580000, 0x0000000100000000)
  eden space 22016K, 100% used [0x00000000eab00000,0x00000000ec080000,0x00000000ec080000)
  from space 2048K, 98% used [0x00000000ec380000,0x00000000ec579518,0x00000000ec580000)
  to   space 2560K, 0% used [0x00000000ec080000,0x00000000ec080000,0x00000000ec300000)
 ParOldGen       total 68608K, used 29765K [0x00000000c0000000, 0x00000000c4300000, 0x00000000eab00000)
  object space 68608K, 43% used [0x00000000c0000000,0x00000000c1d11530,0x00000000c4300000)
 Metaspace       used 46283K, committed 47104K, reserved 1114112K
  class space    used 4773K, committed 5120K, reserved 1048576K
}
Event: 29.230 GC heap after
{Heap after GC invocations=23 (full 2):
 PSYoungGen      total 24576K, used 2547K [0x00000000eab00000, 0x00000000ed580000, 0x0000000100000000)
  eden space 22016K, 0% used [0x00000000eab00000,0x00000000eab00000,0x00000000ec080000)
  from space 2560K, 99% used [0x00000000ec080000,0x00000000ec2fcd60,0x00000000ec300000)
  to   space 10752K, 0% used [0x00000000ecb00000,0x00000000ecb00000,0x00000000ed580000)
 ParOldGen       total 68608K, used 36264K [0x00000000c0000000, 0x00000000c4300000, 0x00000000eab00000)
  object space 68608K, 52% used [0x00000000c0000000,0x00000000c236a208,0x00000000c4300000)
 Metaspace       used 46283K, committed 47104K, reserved 1114112K
  class space    used 4773K, committed 5120K, reserved 1048576K
}
Event: 30.138 GC heap before
{Heap before GC invocations=24 (full 2):
 PSYoungGen      total 24576K, used 24563K [0x00000000eab00000, 0x00000000ed580000, 0x0000000100000000)
  eden space 22016K, 100% used [0x00000000eab00000,0x00000000ec080000,0x00000000ec080000)
  from space 2560K, 99% used [0x00000000ec080000,0x00000000ec2fcd60,0x00000000ec300000)
  to   space 10752K, 0% used [0x00000000ecb00000,0x00000000ecb00000,0x00000000ed580000)
 ParOldGen       total 68608K, used 36264K [0x00000000c0000000, 0x00000000c4300000, 0x00000000eab00000)
  object space 68608K, 52% used [0x00000000c0000000,0x00000000c236a208,0x00000000c4300000)
 Metaspace       used 46302K, committed 47104K, reserved 1114112K
  class space    used 4773K, committed 5120K, reserved 1048576K
}
Event: 30.157 GC heap after
{Heap after GC invocations=24 (full 2):
 PSYoungGen      total 29184K, used 6686K [0x00000000eab00000, 0x00000000ed200000, 0x0000000100000000)
  eden space 22016K, 0% used [0x00000000eab00000,0x00000000eab00000,0x00000000ec080000)
  from space 7168K, 93% used [0x00000000ecb00000,0x00000000ed187ab0,0x00000000ed200000)
  to   space 7680K, 0% used [0x00000000ec300000,0x00000000ec300000,0x00000000eca80000)
 ParOldGen       total 68608K, used 38947K [0x00000000c0000000, 0x00000000c4300000, 0x00000000eab00000)
  object space 68608K, 56% used [0x00000000c0000000,0x00000000c2608f20,0x00000000c4300000)
 Metaspace       used 46302K, committed 47104K, reserved 1114112K
  class space    used 4773K, committed 5120K, reserved 1048576K
}
Event: 32.400 GC heap before
{Heap before GC invocations=25 (full 2):
 PSYoungGen      total 29184K, used 28702K [0x00000000eab00000, 0x00000000ed200000, 0x0000000100000000)
  eden space 22016K, 100% used [0x00000000eab00000,0x00000000ec080000,0x00000000ec080000)
  from space 7168K, 93% used [0x00000000ecb00000,0x00000000ed187ab0,0x00000000ed200000)
  to   space 7680K, 0% used [0x00000000ec300000,0x00000000ec300000,0x00000000eca80000)
 ParOldGen       total 68608K, used 38947K [0x00000000c0000000, 0x00000000c4300000, 0x00000000eab00000)
  object space 68608K, 56% used [0x00000000c0000000,0x00000000c2608f20,0x00000000c4300000)
 Metaspace       used 46864K, committed 47744K, reserved 1114112K
  class space    used 4848K, committed 5248K, reserved 1048576K
}
Event: 32.428 GC heap after
{Heap after GC invocations=25 (full 2):
 PSYoungGen      total 28160K, used 5729K [0x00000000eab00000, 0x00000000ecd80000, 0x0000000100000000)
  eden space 22016K, 0% used [0x00000000eab00000,0x00000000eab00000,0x00000000ec080000)
  from space 6144K, 93% used [0x00000000ec300000,0x00000000ec8987d8,0x00000000ec900000)
  to   space 4608K, 0% used [0x00000000ec900000,0x00000000ec900000,0x00000000ecd80000)
 ParOldGen       total 68608K, used 45488K [0x00000000c0000000, 0x00000000c4300000, 0x00000000eab00000)
  object space 68608K, 66% used [0x00000000c0000000,0x00000000c2c6c030,0x00000000c4300000)
 Metaspace       used 46864K, committed 47744K, reserved 1114112K
  class space    used 4848K, committed 5248K, reserved 1048576K
}
Event: 33.298 GC heap before
{Heap before GC invocations=26 (full 2):
 PSYoungGen      total 28160K, used 27595K [0x00000000eab00000, 0x00000000ecd80000, 0x0000000100000000)
  eden space 22016K, 99% used [0x00000000eab00000,0x00000000ec05a648,0x00000000ec080000)
  from space 6144K, 93% used [0x00000000ec300000,0x00000000ec8987d8,0x00000000ec900000)
  to   space 4608K, 0% used [0x00000000ec900000,0x00000000ec900000,0x00000000ecd80000)
 ParOldGen       total 68608K, used 45488K [0x00000000c0000000, 0x00000000c4300000, 0x00000000eab00000)
  object space 68608K, 66% used [0x00000000c0000000,0x00000000c2c6c030,0x00000000c4300000)
 Metaspace       used 47691K, committed 48576K, reserved 1114112K
  class space    used 4909K, committed 5312K, reserved 1048576K
}
Event: 33.319 GC heap after
{Heap after GC invocations=26 (full 2):
 PSYoungGen      total 24576K, used 2430K [0x00000000eab00000, 0x00000000ecb80000, 0x0000000100000000)
  eden space 22016K, 0% used [0x00000000eab00000,0x00000000eab00000,0x00000000ec080000)
  from space 2560K, 94% used [0x00000000ec900000,0x00000000ecb5f978,0x00000000ecb80000)
  to   space 4096K, 0% used [0x00000000ec380000,0x00000000ec380000,0x00000000ec780000)
 ParOldGen       total 68608K, used 50655K [0x00000000c0000000, 0x00000000c4300000, 0x00000000eab00000)
  object space 68608K, 73% used [0x00000000c0000000,0x00000000c3177fb8,0x00000000c4300000)
 Metaspace       used 47691K, committed 48576K, reserved 1114112K
  class space    used 4909K, committed 5312K, reserved 1048576K
}
Event: 33.657 GC heap before
{Heap before GC invocations=27 (full 2):
 PSYoungGen      total 24576K, used 24446K [0x00000000eab00000, 0x00000000ecb80000, 0x0000000100000000)
  eden space 22016K, 100% used [0x00000000eab00000,0x00000000ec080000,0x00000000ec080000)
  from space 2560K, 94% used [0x00000000ec900000,0x00000000ecb5f978,0x00000000ecb80000)
  to   space 4096K, 0% used [0x00000000ec380000,0x00000000ec380000,0x00000000ec780000)
 ParOldGen       total 68608K, used 50655K [0x00000000c0000000, 0x00000000c4300000, 0x00000000eab00000)
  object space 68608K, 73% used [0x00000000c0000000,0x00000000c3177fb8,0x00000000c4300000)
 Metaspace       used 47907K, committed 48832K, reserved 1114112K
  class space    used 4911K, committed 5312K, reserved 1048576K
}
Event: 33.663 GC heap after
{Heap after GC invocations=27 (full 2):
 PSYoungGen      total 26112K, used 950K [0x00000000eab00000, 0x00000000ec980000, 0x0000000100000000)
  eden space 22016K, 0% used [0x00000000eab00000,0x00000000eab00000,0x00000000ec080000)
  from space 4096K, 23% used [0x00000000ec380000,0x00000000ec46da80,0x00000000ec780000)
  to   space 2048K, 0% used [0x00000000ec780000,0x00000000ec780000,0x00000000ec980000)
 ParOldGen       total 68608K, used 52230K [0x00000000c0000000, 0x00000000c4300000, 0x00000000eab00000)
  object space 68608K, 76% used [0x00000000c0000000,0x00000000c3301840,0x00000000c4300000)
 Metaspace       used 47907K, committed 48832K, reserved 1114112K
  class space    used 4911K, committed 5312K, reserved 1048576K
}

