# JRE version: OpenJDK Runtime Environment Temurin-17.0.13+11 (17.0.13+11) (build 17.0.13+11)
# Java VM: OpenJDK 64-Bit Server VM Temurin-17.0.13+11 (17.0.13+11, mixed mode, tiered, compressed oops, compressed class ptrs, parallel gc, windows-amd64)
GC Precious Log:
 CPUs: 8 total, 8 available
 Memory: 7997M
 Large Page Support: Disabled
 NUMA Support: Disabled
 Compressed Oops: Enabled (32-bit)
 Alignments: Space 512K, Generation 512K, Heap 2M
 Heap Min Capacity: 100M
 Heap Initial Capacity: 100M
 Heap Max Capacity: 1G
 Pre-touch: Disabled
 Parallel Workers: 8
Heap:
 PSYoungGen      total 5632K, used 2167K [0x00000000eab00000, 0x00000000eb180000, 0x0000000100000000)
  eden space 4608K, 24% used [0x00000000eab00000,0x00000000eac1dd90,0x00000000eaf80000)
  from space 1024K, 100% used [0x00000000eb000000,0x00000000eb100000,0x00000000eb100000)
  to   space 512K, 0% used [0x00000000eb100000,0x00000000eb100000,0x00000000eb180000)
 ParOldGen       total 346112K, used 305187K [0x00000000c0000000, 0x00000000d5200000, 0x00000000eab00000)
  object space 346112K, 88% used [0x00000000c0000000,0x00000000d2a08fd0,0x00000000d5200000)
 Metaspace       used 73672K, committed 74944K, reserved 1179648K
  class space    used 7724K, committed 8320K, reserved 1048576K
GC Heap History (20 events):
Event: 58.852 GC heap after
{Heap after GC invocations=315 (full 17):
 PSYoungGen      total 6144K, used 3575K [0x00000000eab00000, 0x00000000eb680000, 0x0000000100000000)
  eden space 2560K, 0% used [0x00000000eab00000,0x00000000eab00000,0x00000000ead80000)
  from space 3584K, 99% used [0x00000000eaf00000,0x00000000eb27dcc0,0x00000000eb280000)
  to   space 4096K, 0% used [0x00000000eb280000,0x00000000eb280000,0x00000000eb680000)
 ParOldGen       total 346112K, used 294969K [0x00000000c0000000, 0x00000000d5200000, 0x00000000eab00000)
  object space 346112K, 85% used [0x00000000c0000000,0x00000000d200e508,0x00000000d5200000)
 Metaspace       used 73628K, committed 74944K, reserved 1179648K
  class space    used 7722K, committed 8320K, reserved 1048576K
}
Event: 58.982 GC heap before
{Heap before GC invocations=316 (full 17):
 PSYoungGen      total 6144K, used 6135K [0x00000000eab00000, 0x00000000eb680000, 0x0000000100000000)
  eden space 2560K, 100% used [0x00000000eab00000,0x00000000ead80000,0x00000000ead80000)
  from space 3584K, 99% used [0x00000000eaf00000,0x00000000eb27dcc0,0x00000000eb280000)
  to   space 4096K, 0% used [0x00000000eb280000,0x00000000eb280000,0x00000000eb680000)
 ParOldGen       total 346112K, used 294969K [0x00000000c0000000, 0x00000000d5200000, 0x00000000eab00000)
  object space 346112K, 85% used [0x00000000c0000000,0x00000000d200e508,0x00000000d5200000)
 Metaspace       used 73628K, committed 74944K, reserved 1179648K
  class space    used 7722K, committed 8320K, reserved 1048576K
}
Event: 58.987 GC heap after
{Heap after GC invocations=316 (full 17):
 PSYoungGen      total 6144K, used 3424K [0x00000000eab00000, 0x00000000eb600000, 0x0000000100000000)
  eden space 2560K, 0% used [0x00000000eab00000,0x00000000eab00000,0x00000000ead80000)
  from space 3584K, 95% used [0x00000000eb280000,0x00000000eb5d8000,0x00000000eb600000)
  to   space 3584K, 0% used [0x00000000eaf00000,0x00000000eaf00000,0x00000000eb280000)
 ParOldGen       total 346112K, used 296630K [0x00000000c0000000, 0x00000000d5200000, 0x00000000eab00000)
  object space 346112K, 85% used [0x00000000c0000000,0x00000000d21adbc8,0x00000000d5200000)
 Metaspace       used 73628K, committed 74944K, reserved 1179648K
  class space    used 7722K, committed 8320K, reserved 1048576K
}
Event: 59.519 GC heap before
{Heap before GC invocations=317 (full 17):
 PSYoungGen      total 6144K, used 5984K [0x00000000eab00000, 0x00000000eb600000, 0x0000000100000000)
  eden space 2560K, 100% used [0x00000000eab00000,0x00000000ead80000,0x00000000ead80000)
  from space 3584K, 95% used [0x00000000eb280000,0x00000000eb5d8000,0x00000000eb600000)
  to   space 3584K, 0% used [0x00000000eaf00000,0x00000000eaf00000,0x00000000eb280000)
 ParOldGen       total 346112K, used 296630K [0x00000000c0000000, 0x00000000d5200000, 0x00000000eab00000)
  object space 346112K, 85% used [0x00000000c0000000,0x00000000d21adbc8,0x00000000d5200000)
 Metaspace       used 73629K, committed 74944K, reserved 1179648K
  class space    used 7722K, committed 8320K, reserved 1048576K
}
Event: 59.525 GC heap after
{Heap after GC invocations=317 (full 17):
 PSYoungGen      total 6144K, used 3584K [0x00000000eab00000, 0x00000000eb980000, 0x0000000100000000)
  eden space 2560K, 0% used [0x00000000eab00000,0x00000000eab00000,0x00000000ead80000)
  from space 3584K, 100% used [0x00000000eaf00000,0x00000000eb280000,0x00000000eb280000)
  to   space 6144K, 0% used [0x00000000eb380000,0x00000000eb380000,0x00000000eb980000)
 ParOldGen       total 346112K, used 298456K [0x00000000c0000000, 0x00000000d5200000, 0x00000000eab00000)
  object space 346112K, 86% used [0x00000000c0000000,0x00000000d23760e8,0x00000000d5200000)
 Metaspace       used 73629K, committed 74944K, reserved 1179648K
  class space    used 7722K, committed 8320K, reserved 1048576K
}
Event: 59.707 GC heap before
{Heap before GC invocations=318 (full 17):
 PSYoungGen      total 6144K, used 6144K [0x00000000eab00000, 0x00000000eb980000, 0x0000000100000000)
  eden space 2560K, 100% used [0x00000000eab00000,0x00000000ead80000,0x00000000ead80000)
  from space 3584K, 100% used [0x00000000eaf00000,0x00000000eb280000,0x00000000eb280000)
  to   space 6144K, 0% used [0x00000000eb380000,0x00000000eb380000,0x00000000eb980000)
 ParOldGen       total 346112K, used 298456K [0x00000000c0000000, 0x00000000d5200000, 0x00000000eab00000)
  object space 346112K, 86% used [0x00000000c0000000,0x00000000d23760e8,0x00000000d5200000)
 Metaspace       used 73652K, committed 74944K, reserved 1179648K
  class space    used 7724K, committed 8320K, reserved 1048576K
}
Event: 59.716 GC heap after
{Heap after GC invocations=318 (full 17):
 PSYoungGen      total 5632K, used 2592K [0x00000000eab00000, 0x00000000eb680000, 0x0000000100000000)
  eden space 2560K, 0% used [0x00000000eab00000,0x00000000eab00000,0x00000000ead80000)
  from space 3072K, 84% used [0x00000000eb380000,0x00000000eb608000,0x00000000eb680000)
  to   space 4096K, 0% used [0x00000000eae80000,0x00000000eae80000,0x00000000eb280000)
 ParOldGen       total 346112K, used 300688K [0x00000000c0000000, 0x00000000d5200000, 0x00000000eab00000)
  object space 346112K, 86% used [0x00000000c0000000,0x00000000d25a40e8,0x00000000d5200000)
 Metaspace       used 73652K, committed 74944K, reserved 1179648K
  class space    used 7724K, committed 8320K, reserved 1048576K
}
Event: 59.747 GC heap before
{Heap before GC invocations=319 (full 17):
 PSYoungGen      total 5632K, used 5144K [0x00000000eab00000, 0x00000000eb680000, 0x0000000100000000)
  eden space 2560K, 99% used [0x00000000eab00000,0x00000000ead7e1e0,0x00000000ead80000)
  from space 3072K, 84% used [0x00000000eb380000,0x00000000eb608000,0x00000000eb680000)
  to   space 4096K, 0% used [0x00000000eae80000,0x00000000eae80000,0x00000000eb280000)
 ParOldGen       total 346112K, used 300688K [0x00000000c0000000, 0x00000000d5200000, 0x00000000eab00000)
  object space 346112K, 86% used [0x00000000c0000000,0x00000000d25a40e8,0x00000000d5200000)
 Metaspace       used 73652K, committed 74944K, reserved 1179648K
  class space    used 7724K, committed 8320K, reserved 1048576K
}
Event: 59.751 GC heap after
{Heap after GC invocations=319 (full 17):
 PSYoungGen      total 5632K, used 2971K [0x00000000eab00000, 0x00000000eb400000, 0x0000000100000000)
  eden space 2560K, 0% used [0x00000000eab00000,0x00000000eab00000,0x00000000ead80000)
  from space 3072K, 96% used [0x00000000eae80000,0x00000000eb166c08,0x00000000eb180000)
  to   space 2560K, 0% used [0x00000000eb180000,0x00000000eb180000,0x00000000eb400000)
 ParOldGen       total 346112K, used 300688K [0x00000000c0000000, 0x00000000d5200000, 0x00000000eab00000)
  object space 346112K, 86% used [0x00000000c0000000,0x00000000d25a40e8,0x00000000d5200000)
 Metaspace       used 73652K, committed 74944K, reserved 1179648K
  class space    used 7724K, committed 8320K, reserved 1048576K
}
Event: 59.784 GC heap before
{Heap before GC invocations=320 (full 17):
 PSYoungGen      total 5632K, used 5531K [0x00000000eab00000, 0x00000000eb400000, 0x0000000100000000)
  eden space 2560K, 100% used [0x00000000eab00000,0x00000000ead80000,0x00000000ead80000)
  from space 3072K, 96% used [0x00000000eae80000,0x00000000eb166c08,0x00000000eb180000)
  to   space 2560K, 0% used [0x00000000eb180000,0x00000000eb180000,0x00000000eb400000)
 ParOldGen       total 346112K, used 300688K [0x00000000c0000000, 0x00000000d5200000, 0x00000000eab00000)
  object space 346112K, 86% used [0x00000000c0000000,0x00000000d25a40e8,0x00000000d5200000)
 Metaspace       used 73653K, committed 74944K, reserved 1179648K
  class space    used 7724K, committed 8320K, reserved 1048576K
}
Event: 59.791 GC heap after
{Heap after GC invocations=320 (full 17):
 PSYoungGen      total 5632K, used 2545K [0x00000000eab00000, 0x00000000eb500000, 0x0000000100000000)
  eden space 3072K, 0% used [0x00000000eab00000,0x00000000eab00000,0x00000000eae00000)
  from space 2560K, 99% used [0x00000000eb180000,0x00000000eb3fc7b8,0x00000000eb400000)
  to   space 3584K, 0% used [0x00000000eae00000,0x00000000eae00000,0x00000000eb180000)
 ParOldGen       total 346112K, used 301344K [0x00000000c0000000, 0x00000000d5200000, 0x00000000eab00000)
  object space 346112K, 87% used [0x00000000c0000000,0x00000000d26480e8,0x00000000d5200000)
 Metaspace       used 73653K, committed 74944K, reserved 1179648K
  class space    used 7724K, committed 8320K, reserved 1048576K
}
Event: 60.910 GC heap before
{Heap before GC invocations=321 (full 17):
 PSYoungGen      total 5632K, used 5617K [0x00000000eab00000, 0x00000000eb500000, 0x0000000100000000)
  eden space 3072K, 100% used [0x00000000eab00000,0x00000000eae00000,0x00000000eae00000)
  from space 2560K, 99% used [0x00000000eb180000,0x00000000eb3fc7b8,0x00000000eb400000)
  to   space 3584K, 0% used [0x00000000eae00000,0x00000000eae00000,0x00000000eb180000)
 ParOldGen       total 346112K, used 301344K [0x00000000c0000000, 0x00000000d5200000, 0x00000000eab00000)
  object space 346112K, 87% used [0x00000000c0000000,0x00000000d26480e8,0x00000000d5200000)
 Metaspace       used 73658K, committed 74944K, reserved 1179648K
  class space    used 7724K, committed 8320K, reserved 1048576K
}
Event: 61.912 GC heap after
{Heap after GC invocations=321 (full 17):
 PSYoungGen      total 4096K, used 562K [0x00000000eab00000, 0x00000000eb300000, 0x0000000100000000)
  eden space 3072K, 0% used [0x00000000eab00000,0x00000000eab00000,0x00000000eae00000)
  from space 1024K, 54% used [0x00000000eae00000,0x00000000eae8cad8,0x00000000eaf00000)
  to   space 2048K, 0% used [0x00000000eb100000,0x00000000eb100000,0x00000000eb300000)
 ParOldGen       total 346112K, used 303176K [0x00000000c0000000, 0x00000000d5200000, 0x00000000eab00000)
  object space 346112K, 87% used [0x00000000c0000000,0x00000000d28120e8,0x00000000d5200000)
 Metaspace       used 73658K, committed 74944K, reserved 1179648K
  class space    used 7724K, committed 8320K, reserved 1048576K
}
Event: 61.940 GC heap before
{Heap before GC invocations=322 (full 17):
 PSYoungGen      total 4096K, used 3634K [0x00000000eab00000, 0x00000000eb300000, 0x0000000100000000)
  eden space 3072K, 100% used [0x00000000eab00000,0x00000000eae00000,0x00000000eae00000)
  from space 1024K, 54% used [0x00000000eae00000,0x00000000eae8cad8,0x00000000eaf00000)
  to   space 2048K, 0% used [0x00000000eb100000,0x00000000eb100000,0x00000000eb300000)
 ParOldGen       total 346112K, used 303176K [0x00000000c0000000, 0x00000000d5200000, 0x00000000eab00000)
  object space 346112K, 87% used [0x00000000c0000000,0x00000000d28120e8,0x00000000d5200000)
 Metaspace       used 73667K, committed 74944K, reserved 1179648K
  class space    used 7724K, committed 8320K, reserved 1048576K
}
Event: 61.942 GC heap after
{Heap after GC invocations=322 (full 17):
 PSYoungGen      total 5120K, used 786K [0x00000000eab00000, 0x00000000eb200000, 0x0000000100000000)
  eden space 4096K, 0% used [0x00000000eab00000,0x00000000eab00000,0x00000000eaf00000)
  from space 1024K, 76% used [0x00000000eb100000,0x00000000eb1c4ad8,0x00000000eb200000)
  to   space 1024K, 0% used [0x00000000eb000000,0x00000000eb000000,0x00000000eb100000)
 ParOldGen       total 346112K, used 303352K [0x00000000c0000000, 0x00000000d5200000, 0x00000000eab00000)
  object space 346112K, 87% used [0x00000000c0000000,0x00000000d283e0e8,0x00000000d5200000)
 Metaspace       used 73667K, committed 74944K, reserved 1179648K
  class space    used 7724K, committed 8320K, reserved 1048576K
}
Event: 61.972 GC heap before
{Heap before GC invocations=323 (full 17):
 PSYoungGen      total 5120K, used 4881K [0x00000000eab00000, 0x00000000eb200000, 0x0000000100000000)
  eden space 4096K, 99% used [0x00000000eab00000,0x00000000eaeff9b0,0x00000000eaf00000)
  from space 1024K, 76% used [0x00000000eb100000,0x00000000eb1c4ad8,0x00000000eb200000)
  to   space 1024K, 0% used [0x00000000eb000000,0x00000000eb000000,0x00000000eb100000)
 ParOldGen       total 346112K, used 303352K [0x00000000c0000000, 0x00000000d5200000, 0x00000000eab00000)
  object space 346112K, 87% used [0x00000000c0000000,0x00000000d283e0e8,0x00000000d5200000)
 Metaspace       used 73667K, committed 74944K, reserved 1179648K
  class space    used 7724K, committed 8320K, reserved 1048576K
}
Event: 61.974 GC heap after
{Heap after GC invocations=323 (full 17):
 PSYoungGen      total 5632K, used 672K [0x00000000eab00000, 0x00000000eb180000, 0x0000000100000000)
  eden space 4608K, 0% used [0x00000000eab00000,0x00000000eab00000,0x00000000eaf80000)
  from space 1024K, 65% used [0x00000000eb000000,0x00000000eb0a8000,0x00000000eb100000)
  to   space 512K, 0% used [0x00000000eb100000,0x00000000eb100000,0x00000000eb180000)
 ParOldGen       total 346112K, used 304005K [0x00000000c0000000, 0x00000000d5200000, 0x00000000eab00000)
  object space 346112K, 87% used [0x00000000c0000000,0x00000000d28e17c8,0x00000000d5200000)
 Metaspace       used 73667K, committed 74944K, reserved 1179648K
  class space    used 7724K, committed 8320K, reserved 1048576K
}
Event: 62.009 GC heap before
{Heap before GC invocations=324 (full 17):
 PSYoungGen      total 5632K, used 5280K [0x00000000eab00000, 0x00000000eb180000, 0x0000000100000000)
  eden space 4608K, 100% used [0x00000000eab00000,0x00000000eaf80000,0x00000000eaf80000)
  from space 1024K, 65% used [0x00000000eb000000,0x00000000eb0a8000,0x00000000eb100000)
  to   space 512K, 0% used [0x00000000eb100000,0x00000000eb100000,0x00000000eb180000)
 ParOldGen       total 346112K, used 304005K [0x00000000c0000000, 0x00000000d5200000, 0x00000000eab00000)
  object space 346112K, 87% used [0x00000000c0000000,0x00000000d28e17c8,0x00000000d5200000)
 Metaspace       used 73667K, committed 74944K, reserved 1179648K
  class space    used 7724K, committed 8320K, reserved 1048576K
}
Event: 64.016 GC heap after
{Heap after GC invocations=324 (full 17):
 PSYoungGen      total 5120K, used 502K [0x00000000eab00000, 0x00000000eb180000, 0x0000000100000000)
  eden space 4608K, 0% used [0x00000000eab00000,0x00000000eab00000,0x00000000eaf80000)
  from space 512K, 98% used [0x00000000eb100000,0x00000000eb17d808,0x00000000eb180000)
  to   space 1024K, 0% used [0x00000000eb000000,0x00000000eb000000,0x00000000eb100000)
 ParOldGen       total 346112K, used 304677K [0x00000000c0000000, 0x00000000d5200000, 0x00000000eab00000)
  object space 346112K, 88% used [0x00000000c0000000,0x00000000d29897c8,0x00000000d5200000)
 Metaspace       used 73667K, committed 74944K, reserved 1179648K
  class space    used 7724K, committed 8320K, reserved 1048576K
}
Event: 64.066 GC heap before
{Heap before GC invocations=325 (full 17):
 PSYoungGen      total 5120K, used 5110K [0x00000000eab00000, 0x00000000eb180000, 0x0000000100000000)
  eden space 4608K, 100% used [0x00000000eab00000,0x00000000eaf80000,0x00000000eaf80000)
  from space 512K, 98% used [0x00000000eb100000,0x00000000eb17d808,0x00000000eb180000)
  to   space 1024K, 0% used [0x00000000eb000000,0x00000000eb000000,0x00000000eb100000)
 ParOldGen       total 346112K, used 304677K [0x00000000c0000000, 0x00000000d5200000, 0x00000000eab00000)
  object space 346112K, 88% used [0x00000000c0000000,0x00000000d29897c8,0x00000000d5200000)
 Metaspace       used 73667K, committed 74944K, reserved 1179648K
  class space    used 7724K, committed 8320K, reserved 1048576K
}

