# JRE version: OpenJDK Runtime Environment Temurin-17.0.13+11 (17.0.13+11) (build 17.0.13+11)
# Java VM: OpenJDK 64-Bit Server VM Temurin-17.0.13+11 (17.0.13+11, mixed mode, tiered, compressed oops, compressed class ptrs, g1 gc, windows-amd64)
GC Precious Log:
 CPUs: 8 total, 8 available
 Memory: 7997M
 Large Page Support: Disabled
 NUMA Support: Disabled
 Compressed Oops: Enabled (32-bit)
 Heap Region Size: 1M
 Heap Min Capacity: 8M
 Heap Initial Capacity: 126M
 Heap Max Capacity: 2000M
 Pre-touch: Disabled
 Parallel Workers: 8
 Concurrent Workers: 2
 Concurrent Refinement Workers: 8
 Periodic GC: Disabled
Heap:
 garbage-first heap   total 101376K, used 62640K [0x0000000083000000, 0x0000000100000000)
  region size 1024K, 17 young (17408K), 3 survivors (3072K)
 Metaspace       used 79729K, committed 80512K, reserved 1179648K
  class space    used 10195K, committed 10560K, reserved 1048576K
GC Heap History (20 events):
Event: 591.703 GC heap before
{Heap before GC invocations=53 (full 1):
 garbage-first heap   total 96256K, used 75719K [0x0000000083000000, 0x0000000100000000)
  region size 1024K, 34 young (34816K), 4 survivors (4096K)
 Metaspace       used 79031K, committed 79744K, reserved 1179648K
  class space    used 10161K, committed 10496K, reserved 1048576K
}
Event: 591.711 GC heap after
{Heap after GC invocations=54 (full 1):
 garbage-first heap   total 96256K, used 45961K [0x0000000083000000, 0x0000000100000000)
  region size 1024K, 3 young (3072K), 3 survivors (3072K)
 Metaspace       used 79031K, committed 79744K, reserved 1179648K
  class space    used 10161K, committed 10496K, reserved 1048576K
}
Event: 731.626 GC heap before
{Heap before GC invocations=55 (full 1):
 garbage-first heap   total 96256K, used 72585K [0x0000000083000000, 0x0000000100000000)
  region size 1024K, 30 young (30720K), 3 survivors (3072K)
 Metaspace       used 79090K, committed 79808K, reserved 1179648K
  class space    used 10162K, committed 10496K, reserved 1048576K
}
Event: 731.735 GC heap after
{Heap after GC invocations=56 (full 2):
 garbage-first heap   total 96256K, used 40631K [0x0000000083000000, 0x0000000100000000)
  region size 1024K, 0 young (0K), 0 survivors (0K)
 Metaspace       used 79090K, committed 79808K, reserved 1179648K
  class space    used 10162K, committed 10496K, reserved 1048576K
}
Event: 732.834 GC heap before
{Heap before GC invocations=56 (full 2):
 garbage-first heap   total 96256K, used 77495K [0x0000000083000000, 0x0000000100000000)
  region size 1024K, 36 young (36864K), 0 survivors (0K)
 Metaspace       used 79173K, committed 79872K, reserved 1179648K
  class space    used 10169K, committed 10496K, reserved 1048576K
}
Event: 732.841 GC heap after
{Heap after GC invocations=57 (full 2):
 garbage-first heap   total 96256K, used 43877K [0x0000000083000000, 0x0000000100000000)
  region size 1024K, 4 young (4096K), 4 survivors (4096K)
 Metaspace       used 79173K, committed 79872K, reserved 1179648K
  class space    used 10169K, committed 10496K, reserved 1048576K
}
Event: 733.327 GC heap before
{Heap before GC invocations=57 (full 2):
 garbage-first heap   total 96256K, used 76645K [0x0000000083000000, 0x0000000100000000)
  region size 1024K, 36 young (36864K), 4 survivors (4096K)
 Metaspace       used 79199K, committed 79872K, reserved 1179648K
  class space    used 10169K, committed 10496K, reserved 1048576K
}
Event: 733.333 GC heap after
{Heap after GC invocations=58 (full 2):
 garbage-first heap   total 96256K, used 45258K [0x0000000083000000, 0x0000000100000000)
  region size 1024K, 2 young (2048K), 2 survivors (2048K)
 Metaspace       used 79199K, committed 79872K, reserved 1179648K
  class space    used 10169K, committed 10496K, reserved 1048576K
}
Event: 733.789 GC heap before
{Heap before GC invocations=58 (full 2):
 garbage-first heap   total 96256K, used 75978K [0x0000000083000000, 0x0000000100000000)
  region size 1024K, 33 young (33792K), 2 survivors (2048K)
 Metaspace       used 79333K, committed 80000K, reserved 1179648K
  class space    used 10175K, committed 10496K, reserved 1048576K
}
Event: 733.796 GC heap after
{Heap after GC invocations=59 (full 2):
 garbage-first heap   total 96256K, used 46702K [0x0000000083000000, 0x0000000100000000)
  region size 1024K, 4 young (4096K), 4 survivors (4096K)
 Metaspace       used 79333K, committed 80000K, reserved 1179648K
  class space    used 10175K, committed 10496K, reserved 1048576K
}
Event: 734.225 GC heap before
{Heap before GC invocations=60 (full 2):
 garbage-first heap   total 97280K, used 76398K [0x0000000083000000, 0x0000000100000000)
  region size 1024K, 33 young (33792K), 4 survivors (4096K)
 Metaspace       used 79366K, committed 80128K, reserved 1179648K
  class space    used 10175K, committed 10496K, reserved 1048576K
}
Event: 734.233 GC heap after
{Heap after GC invocations=61 (full 2):
 garbage-first heap   total 97280K, used 48017K [0x0000000083000000, 0x0000000100000000)
  region size 1024K, 4 young (4096K), 4 survivors (4096K)
 Metaspace       used 79366K, committed 80128K, reserved 1179648K
  class space    used 10175K, committed 10496K, reserved 1048576K
}
Event: 744.428 GC heap before
{Heap before GC invocations=61 (full 2):
 garbage-first heap   total 97280K, used 75665K [0x0000000083000000, 0x0000000100000000)
  region size 1024K, 32 young (32768K), 4 survivors (4096K)
 Metaspace       used 79474K, committed 80192K, reserved 1179648K
  class space    used 10181K, committed 10496K, reserved 1048576K
}
Event: 744.509 GC heap after
{Heap after GC invocations=62 (full 3):
 garbage-first heap   total 97280K, used 43643K [0x0000000083000000, 0x0000000100000000)
  region size 1024K, 0 young (0K), 0 survivors (0K)
 Metaspace       used 79474K, committed 80192K, reserved 1179648K
  class space    used 10181K, committed 10496K, reserved 1048576K
}
Event: 745.075 GC heap before
{Heap before GC invocations=62 (full 3):
 garbage-first heap   total 97280K, used 77435K [0x0000000083000000, 0x0000000100000000)
  region size 1024K, 33 young (33792K), 0 survivors (0K)
 Metaspace       used 79540K, committed 80320K, reserved 1179648K
  class space    used 10190K, committed 10560K, reserved 1048576K
}
Event: 745.080 GC heap after
{Heap after GC invocations=63 (full 3):
 garbage-first heap   total 97280K, used 46810K [0x0000000083000000, 0x0000000100000000)
  region size 1024K, 4 young (4096K), 4 survivors (4096K)
 Metaspace       used 79540K, committed 80320K, reserved 1179648K
  class space    used 10190K, committed 10560K, reserved 1048576K
}
Event: 745.733 GC heap before
{Heap before GC invocations=64 (full 3):
 garbage-first heap   total 97280K, used 76506K [0x0000000083000000, 0x0000000100000000)
  region size 1024K, 33 young (33792K), 4 survivors (4096K)
 Metaspace       used 79583K, committed 80320K, reserved 1179648K
  class space    used 10193K, committed 10560K, reserved 1048576K
}
Event: 745.740 GC heap after
{Heap after GC invocations=65 (full 3):
 garbage-first heap   total 97280K, used 48160K [0x0000000083000000, 0x0000000100000000)
  region size 1024K, 2 young (2048K), 2 survivors (2048K)
 Metaspace       used 79583K, committed 80320K, reserved 1179648K
  class space    used 10193K, committed 10560K, reserved 1048576K
}
Event: 746.291 GC heap before
{Heap before GC invocations=65 (full 3):
 garbage-first heap   total 97280K, used 76832K [0x0000000083000000, 0x0000000100000000)
  region size 1024K, 31 young (31744K), 2 survivors (2048K)
 Metaspace       used 79669K, committed 80448K, reserved 1179648K
  class space    used 10195K, committed 10560K, reserved 1048576K
}
Event: 746.296 GC heap after
{Heap after GC invocations=66 (full 3):
 garbage-first heap   total 97280K, used 49328K [0x0000000083000000, 0x0000000100000000)
  region size 1024K, 3 young (3072K), 3 survivors (3072K)
 Metaspace       used 79669K, committed 80448K, reserved 1179648K
  class space    used 10195K, committed 10560K, reserved 1048576K
}

