# JRE version: OpenJDK Runtime Environment Temurin-17.0.13+11 (17.0.13+11) (build 17.0.13+11)
# Java VM: OpenJDK 64-Bit Server VM Temurin-17.0.13+11 (17.0.13+11, mixed mode, tiered, compressed oops, compressed class ptrs, g1 gc, windows-amd64)
GC Precious Log:
 CPUs: 8 total, 8 available
 Memory: 7997M
 Large Page Support: Disabled
 NUMA Support: Disabled
 Compressed Oops: Enabled (32-bit)
 Heap Region Size: 1M
 Heap Min Capacity: 8M
 Heap Initial Capacity: 126M
 Heap Max Capacity: 2000M
 Pre-touch: Disabled
 Parallel Workers: 8
 Concurrent Workers: 2
 Concurrent Refinement Workers: 8
 Periodic GC: Disabled
Heap:
 garbage-first heap   total 156672K, used 41914K [0x0000000083000000, 0x0000000100000000)
  region size 1024K, 1 young (1024K), 1 survivors (1024K)
 Metaspace       used 79687K, committed 80384K, reserved 1179648K
  class space    used 10059K, committed 10432K, reserved 1048576K
GC Heap History (20 events):
Event: 2076.513 GC heap after
{Heap after GC invocations=63 (full 1):
 garbage-first heap   total 70656K, used 36068K [0x0000000083000000, 0x0000000100000000)
  region size 1024K, 1 young (1024K), 1 survivors (1024K)
 Metaspace       used 79202K, committed 80128K, reserved 1179648K
  class space    used 10032K, committed 10432K, reserved 1048576K
}
Event: 2077.353 GC heap before
{Heap before GC invocations=63 (full 1):
 garbage-first heap   total 70656K, used 55524K [0x0000000083000000, 0x0000000100000000)
  region size 1024K, 21 young (21504K), 1 survivors (1024K)
 Metaspace       used 79290K, committed 80128K, reserved 1179648K
  class space    used 10033K, committed 10432K, reserved 1048576K
}
Event: 2077.357 GC heap after
{Heap after GC invocations=64 (full 1):
 garbage-first heap   total 70656K, used 36777K [0x0000000083000000, 0x0000000100000000)
  region size 1024K, 2 young (2048K), 2 survivors (2048K)
 Metaspace       used 79290K, committed 80128K, reserved 1179648K
  class space    used 10033K, committed 10432K, reserved 1048576K
}
Event: 2077.908 GC heap before
{Heap before GC invocations=65 (full 1):
 garbage-first heap   total 73728K, used 56233K [0x0000000083000000, 0x0000000100000000)
  region size 1024K, 21 young (21504K), 2 survivors (2048K)
 Metaspace       used 79494K, committed 80192K, reserved 1179648K
  class space    used 10051K, committed 10432K, reserved 1048576K
}
Event: 2077.915 GC heap after
{Heap after GC invocations=66 (full 1):
 garbage-first heap   total 73728K, used 38284K [0x0000000083000000, 0x0000000100000000)
  region size 1024K, 3 young (3072K), 3 survivors (3072K)
 Metaspace       used 79494K, committed 80192K, reserved 1179648K
  class space    used 10051K, committed 10432K, reserved 1048576K
}
Event: 2077.930 GC heap before
{Heap before GC invocations=66 (full 1):
 garbage-first heap   total 73728K, used 39308K [0x0000000083000000, 0x0000000100000000)
  region size 1024K, 4 young (4096K), 3 survivors (3072K)
 Metaspace       used 79495K, committed 80192K, reserved 1179648K
  class space    used 10051K, committed 10432K, reserved 1048576K
}
Event: 2077.937 GC heap after
{Heap after GC invocations=67 (full 1):
 garbage-first heap   total 73728K, used 38094K [0x0000000083000000, 0x0000000100000000)
  region size 1024K, 1 young (1024K), 1 survivors (1024K)
 Metaspace       used 79495K, committed 80192K, reserved 1179648K
  class space    used 10051K, committed 10432K, reserved 1048576K
}
Event: 2078.310 GC heap before
{Heap before GC invocations=67 (full 1):
 garbage-first heap   total 73728K, used 59598K [0x0000000083000000, 0x0000000100000000)
  region size 1024K, 22 young (22528K), 1 survivors (1024K)
 Metaspace       used 79564K, committed 80256K, reserved 1179648K
  class space    used 10052K, committed 10432K, reserved 1048576K
}
Event: 2078.316 GC heap after
{Heap after GC invocations=68 (full 1):
 garbage-first heap   total 73728K, used 39486K [0x0000000083000000, 0x0000000100000000)
  region size 1024K, 2 young (2048K), 2 survivors (2048K)
 Metaspace       used 79564K, committed 80256K, reserved 1179648K
  class space    used 10052K, committed 10432K, reserved 1048576K
}
Event: 2078.790 GC heap before
{Heap before GC invocations=69 (full 1):
 garbage-first heap   total 76800K, used 59966K [0x0000000083000000, 0x0000000100000000)
  region size 1024K, 22 young (22528K), 2 survivors (2048K)
 Metaspace       used 79591K, committed 80256K, reserved 1179648K
  class space    used 10053K, committed 10432K, reserved 1048576K
}
Event: 2078.798 GC heap after
{Heap after GC invocations=70 (full 1):
 garbage-first heap   total 76800K, used 40699K [0x0000000083000000, 0x0000000100000000)
  region size 1024K, 2 young (2048K), 2 survivors (2048K)
 Metaspace       used 79591K, committed 80256K, reserved 1179648K
  class space    used 10053K, committed 10432K, reserved 1048576K
}
Event: 2078.829 GC heap before
{Heap before GC invocations=70 (full 1):
 garbage-first heap   total 76800K, used 41723K [0x0000000083000000, 0x0000000100000000)
  region size 1024K, 3 young (3072K), 2 survivors (2048K)
 Metaspace       used 79592K, committed 80256K, reserved 1179648K
  class space    used 10053K, committed 10432K, reserved 1048576K
}
Event: 2079.845 GC heap after
{Heap after GC invocations=71 (full 1):
 garbage-first heap   total 156672K, used 40545K [0x0000000083000000, 0x0000000100000000)
  region size 1024K, 1 young (1024K), 1 survivors (1024K)
 Metaspace       used 79592K, committed 80256K, reserved 1179648K
  class space    used 10053K, committed 10432K, reserved 1048576K
}
Event: 2079.995 GC heap before
{Heap before GC invocations=71 (full 1):
 garbage-first heap   total 156672K, used 46689K [0x0000000083000000, 0x0000000100000000)
  region size 1024K, 7 young (7168K), 1 survivors (1024K)
 Metaspace       used 79604K, committed 80256K, reserved 1179648K
  class space    used 10053K, committed 10432K, reserved 1048576K
}
Event: 2079.998 GC heap after
{Heap after GC invocations=72 (full 1):
 garbage-first heap   total 156672K, used 40715K [0x0000000083000000, 0x0000000100000000)
  region size 1024K, 1 young (1024K), 1 survivors (1024K)
 Metaspace       used 79604K, committed 80256K, reserved 1179648K
  class space    used 10053K, committed 10432K, reserved 1048576K
}
Event: 2080.146 GC heap before
{Heap before GC invocations=72 (full 1):
 garbage-first heap   total 153600K, used 46859K [0x0000000083000000, 0x0000000100000000)
  region size 1024K, 7 young (7168K), 1 survivors (1024K)
 Metaspace       used 79606K, committed 80256K, reserved 1179648K
  class space    used 10053K, committed 10432K, reserved 1048576K
}
Event: 2080.150 GC heap after
{Heap after GC invocations=73 (full 1):
 garbage-first heap   total 153600K, used 41081K [0x0000000083000000, 0x0000000100000000)
  region size 1024K, 1 young (1024K), 1 survivors (1024K)
 Metaspace       used 79606K, committed 80256K, reserved 1179648K
  class space    used 10053K, committed 10432K, reserved 1048576K
}
Event: 2080.229 GC heap before
{Heap before GC invocations=74 (full 1):
 garbage-first heap   total 153600K, used 47225K [0x0000000083000000, 0x0000000100000000)
  region size 1024K, 7 young (7168K), 1 survivors (1024K)
 Metaspace       used 79679K, committed 80384K, reserved 1179648K
  class space    used 10059K, committed 10432K, reserved 1048576K
}
Event: 2080.233 GC heap after
{Heap after GC invocations=75 (full 1):
 garbage-first heap   total 153600K, used 41534K [0x0000000083000000, 0x0000000100000000)
  region size 1024K, 1 young (1024K), 1 survivors (1024K)
 Metaspace       used 79679K, committed 80384K, reserved 1179648K
  class space    used 10059K, committed 10432K, reserved 1048576K
}
Event: 2080.314 GC heap before
{Heap before GC invocations=75 (full 1):
 garbage-first heap   total 153600K, used 47678K [0x0000000083000000, 0x0000000100000000)
  region size 1024K, 7 young (7168K), 1 survivors (1024K)
 Metaspace       used 79687K, committed 80384K, reserved 1179648K
  class space    used 10059K, committed 10432K, reserved 1048576K
}

